#
# There is insufficient memory for the Java Runtime Environment to continue.
# Native memory allocation (mmap) failed to map 425721856 bytes for Failed to commit area from 0x0000000098300000 to 0x00000000b1900000 of length 425721856.
# Possible reasons:
#   The system is out of physical RAM or swap space
#   The process is running with CompressedOops enabled, and the Java Heap may be blocking the growth of the native heap
# Possible solutions:
#   Reduce memory load on the system
#   Increase physical memory or swap space
#   Check if swap backing store is full
#   Decrease Java heap size (-Xmx/-Xms)
#   Decrease number of Java threads
#   Decrease Java thread stack sizes (-Xss)
#   Set larger code cache with -XX:ReservedCodeCacheSize=
#   JVM is running with Unscaled Compressed Oops mode in which the Java heap is
#     placed in the first 4GB address space. The Java Heap base address is the
#     maximum limit for the native heap growth. Please use -XX:HeapBaseMinAddress
#     to set the Java Heap base and to place the Java Heap above 4GB virtual address.
# This output file may be truncated or incomplete.
#
#  Out of Memory Error (./src/hotspot/os/windows/os_windows.cpp:3301), pid=18428, tid=4336
#
# JRE version: OpenJDK Runtime Environment (11.0.10) (build 11.0.10+0-b96-7249189)
# Java VM: OpenJDK 64-Bit Server VM (11.0.10+0-b96-7249189, mixed mode, tiered, compressed oops, g1 gc, windows-amd64)
# No core dump will be written. Minidumps are not enabled by default on client versions of Windows
#

---------------  S U M M A R Y ------------

Command Line: --add-opens=java.base/java.util=ALL-UNNAMED --add-opens=java.base/java.lang=ALL-UNNAMED --add-opens=java.base/java.lang.invoke=ALL-UNNAMED --add-opens=java.base/java.util=ALL-UNNAMED --add-opens=java.prefs/java.util.prefs=ALL-UNNAMED --add-opens=java.prefs/java.util.prefs=ALL-UNNAMED --add-opens=java.base/java.nio.charset=ALL-UNNAMED --add-opens=java.base/java.net=ALL-UNNAMED --add-opens=java.base/java.util.concurrent.atomic=ALL-UNNAMED -Xmx2048m -Dfile.encoding=UTF-8 -Duser.country=CN -Duser.language=zh -Duser.variant org.gradle.launcher.daemon.bootstrap.GradleDaemon 7.3

Host: Intel(R) Core(TM) i5-6300U CPU @ 2.40GHz, 4 cores, 3G,  Windows 10 , 64 bit Build 19041 (10.0.19041.292)
Time: Tue Nov 23 09:06:14 2021 中国标准时间 elapsed time: 76.648050 seconds (0d 0h 1m 16s)

---------------  T H R E A D  ---------------

Current thread (0x000001f357c24000):  VMThread "VM Thread" [stack: 0x00000054e5400000,0x00000054e5500000] [id=4336]

Stack: [0x00000054e5400000,0x00000054e5500000]
[error occurred during error reporting (printing stack bounds), id 0xc0000005, EXCEPTION_ACCESS_VIOLATION (0xc0000005) at pc=0x000001f341b80f2d]

Native frames: (J=compiled Java code, j=interpreted, Vv=VM code, C=native code)
V  [jvm.dll+0x5ecfaa]
V  [jvm.dll+0x722bd5]
V  [jvm.dll+0x72412d]
V  [jvm.dll+0x724745]
V  [jvm.dll+0x7246fb]
V  [jvm.dll+0x5ec348]
V  [jvm.dll+0x5ecad8]
C  [ntdll.dll+0xa111f]
C  [ntdll.dll+0x4b474]
C  [ntdll.dll+0x9fc4e]
C  0x000001f341b80f2d

VM_Operation (0x00000054e75fdee0): G1CollectForAllocation, mode: safepoint, requested by thread 0x000001f35a842800


---------------  P R O C E S S  ---------------

Threads class SMR info:
_java_thread_list=0x000001f35acd0210, length=35, elements={
0x000001f33e08c000, 0x000001f357c29000, 0x000001f357c33000, 0x000001f357c9c800,
0x000001f357c9e800, 0x000001f357ca0000, 0x000001f3584b4000, 0x000001f3584bb000,
0x000001f357cab800, 0x000001f358607000, 0x000001f359993800, 0x000001f3598e6800,
0x000001f35988c800, 0x000001f359ff6000, 0x000001f3599e6000, 0x000001f359dc3800,
0x000001f358be0800, 0x000001f358be1800, 0x000001f3585b6800, 0x000001f358c70000,
0x000001f358c74000, 0x000001f358c76800, 0x000001f358c74800, 0x000001f358c70800,
0x000001f358c75800, 0x000001f358c73000, 0x000001f358c72800, 0x000001f358c71800,
0x000001f35a840000, 0x000001f35a842800, 0x000001f35a841000, 0x000001f35a845000,
0x000001f35a847800, 0x000001f35a846000, 0x000001f35a841800
}

Java Threads: ( => current thread )
  0x000001f33e08c000 JavaThread "main" [_thread_blocked, id=19380, stack(0x00000054e4e00000,0x00000054e4f00000)]
  0x000001f357c29000 JavaThread "Reference Handler" daemon [_thread_blocked, id=664, stack(0x00000054e5500000,0x00000054e5600000)]
  0x000001f357c33000 JavaThread "Finalizer" daemon [_thread_blocked, id=14840, stack(0x00000054e5600000,0x00000054e5700000)]
  0x000001f357c9c800 JavaThread "Signal Dispatcher" daemon [_thread_blocked, id=3752, stack(0x00000054e5700000,0x00000054e5800000)]
  0x000001f357c9e800 JavaThread "Attach Listener" daemon [_thread_blocked, id=13212, stack(0x00000054e5800000,0x00000054e5900000)]
  0x000001f357ca0000 JavaThread "Service Thread" daemon [_thread_blocked, id=23464, stack(0x00000054e5900000,0x00000054e5a00000)]
  0x000001f3584b4000 JavaThread "C2 CompilerThread0" daemon [_thread_in_native, id=2188, stack(0x00000054e5a00000,0x00000054e5b00000)]
  0x000001f3584bb000 JavaThread "C1 CompilerThread0" daemon [_thread_blocked, id=10172, stack(0x00000054e5b00000,0x00000054e5c00000)]
  0x000001f357cab800 JavaThread "Sweeper thread" daemon [_thread_blocked, id=23824, stack(0x00000054e5c00000,0x00000054e5d00000)]
  0x000001f358607000 JavaThread "Common-Cleaner" daemon [_thread_blocked, id=852, stack(0x00000054e5d00000,0x00000054e5e00000)]
  0x000001f359993800 JavaThread "Daemon health stats" [_thread_blocked, id=11316, stack(0x00000054e6000000,0x00000054e6100000)]
  0x000001f3598e6800 JavaThread "Incoming local TCP Connector on port 1190" [_thread_in_native, id=23808, stack(0x00000054e6100000,0x00000054e6200000)]
  0x000001f35988c800 JavaThread "Daemon periodic checks" [_thread_blocked, id=20544, stack(0x00000054e6200000,0x00000054e6300000)]
  0x000001f359ff6000 JavaThread "Daemon" [_thread_blocked, id=1532, stack(0x00000054e6300000,0x00000054e6400000)]
  0x000001f3599e6000 JavaThread "Handler for socket connection from /127.0.0.1:1190 to /127.0.0.1:1194" [_thread_in_native, id=16140, stack(0x00000054e6400000,0x00000054e6500000)]
  0x000001f359dc3800 JavaThread "Cancel handler" [_thread_blocked, id=4784, stack(0x00000054e6500000,0x00000054e6600000)]
  0x000001f358be0800 JavaThread "Daemon worker" [_thread_blocked, id=21148, stack(0x00000054e6600000,0x00000054e6700000)]
  0x000001f358be1800 JavaThread "Asynchronous log dispatcher for DefaultDaemonConnection: socket connection from /127.0.0.1:1190 to /127.0.0.1:1194" [_thread_blocked, id=13228, stack(0x00000054e6700000,0x00000054e6800000)]
  0x000001f3585b6800 JavaThread "Stdin handler" [_thread_blocked, id=15304, stack(0x00000054e6800000,0x00000054e6900000)]
  0x000001f358c70000 JavaThread "Daemon client event forwarder" [_thread_blocked, id=14472, stack(0x00000054e6900000,0x00000054e6a00000)]
  0x000001f358c74000 JavaThread "Cache worker for journal cache (C:\Users\ATRI\.gradle\caches\journal-1)" [_thread_blocked, id=20432, stack(0x00000054e6c00000,0x00000054e6d00000)]
  0x000001f358c76800 JavaThread "File lock request listener" [_thread_in_native, id=23168, stack(0x00000054e6d00000,0x00000054e6e00000)]
  0x000001f358c74800 JavaThread "Cache worker for file hash cache (C:\Users\ATRI\.gradle\caches\7.3\fileHashes)" [_thread_blocked, id=23556, stack(0x00000054e6e00000,0x00000054e6f00000)]
  0x000001f358c70800 JavaThread "Cache worker for file hash cache (D:\SETU\androidT2\.gradle\7.3\fileHashes)" [_thread_blocked, id=20844, stack(0x00000054e6f00000,0x00000054e7000000)]
  0x000001f358c75800 JavaThread "File watcher server" daemon [_thread_in_native, id=22868, stack(0x00000054e7000000,0x00000054e7100000)]
  0x000001f358c73000 JavaThread "File watcher consumer" daemon [_thread_blocked, id=4712, stack(0x00000054e7100000,0x00000054e7200000)]
  0x000001f358c72800 JavaThread "jar transforms" [_thread_blocked, id=23616, stack(0x00000054e7200000,0x00000054e7300000)]
  0x000001f358c71800 JavaThread "jar transforms Thread 2" [_thread_blocked, id=23572, stack(0x00000054e7300000,0x00000054e7400000)]
  0x000001f35a840000 JavaThread "jar transforms Thread 3" [_thread_blocked, id=20796, stack(0x00000054e7400000,0x00000054e7500000)]
  0x000001f35a842800 JavaThread "jar transforms Thread 4" [_thread_blocked, id=10520, stack(0x00000054e7500000,0x00000054e7600000)]
  0x000001f35a841000 JavaThread "Cache worker for checksums cache (D:\SETU\androidT2\.gradle\7.3\checksums)" [_thread_blocked, id=10400, stack(0x00000054e7600000,0x00000054e7700000)]
  0x000001f35a845000 JavaThread "Cache worker for cache directory md-supplier (C:\Users\ATRI\.gradle\caches\7.3\md-supplier)" [_thread_blocked, id=22432, stack(0x00000054e7700000,0x00000054e7800000)]
  0x000001f35a847800 JavaThread "Cache worker for cache directory md-rule (C:\Users\ATRI\.gradle\caches\7.3\md-rule)" [_thread_blocked, id=23816, stack(0x00000054e7800000,0x00000054e7900000)]
  0x000001f35a846000 JavaThread "Cache worker for execution history cache (C:\Users\ATRI\.gradle\caches\7.3\executionHistory)" [_thread_blocked, id=5940, stack(0x00000054e7900000,0x00000054e7a00000)]
  0x000001f35a841800 JavaThread "Cache worker for file content cache (C:\Users\ATRI\.gradle\caches\7.3\fileContent)" [_thread_blocked, id=9136, stack(0x00000054e7a00000,0x00000054e7b00000)]

Other Threads:
=>0x000001f357c24000 VMThread "VM Thread" [stack: 0x00000054e5400000,0x00000054e5500000] [id=4336]
  0x000001f35861b800 WatcherThread [stack: 0x00000054e5e00000,0x00000054e5f00000] [id=20668]
  0x000001f33c05d000 GCTaskThread "GC Thread#0" [stack: 0x00000054e4f00000,0x00000054e5000000] [id=3248]
  0x000001f358bf4000 GCTaskThread "GC Thread#1" [stack: 0x00000054e5f00000,0x00000054e6000000] [id=13868]
  0x000001f35a00b800 GCTaskThread "GC Thread#2" [stack: 0x00000054e6a00000,0x00000054e6b00000] [id=3548]
  0x000001f359ea5800 GCTaskThread "GC Thread#3" [stack: 0x00000054e6b00000,0x00000054e6c00000] [id=14668]
  0x000001f33e0d3800 ConcurrentGCThread "G1 Main Marker" [stack: 0x00000054e5000000,0x00000054e5100000] [id=16904]
  0x000001f33e0d5000 ConcurrentGCThread "G1 Conc#0" [stack: 0x00000054e5100000,0x00000054e5200000] [id=7340]
  0x000001f33e132000 ConcurrentGCThread "G1 Refine#0" [stack: 0x00000054e5200000,0x00000054e5300000] [id=8948]
  0x000001f33e133000 ConcurrentGCThread "G1 Young RemSet Sampling" [stack: 0x00000054e5300000,0x00000054e5400000] [id=21580]

Threads with active compile tasks:
C2 CompilerThread0  76732 6045       4       org.objectweb.asm.ClassReader::readCode (5109 bytes)

VM state:at safepoint (normal execution)

VM Mutex/Monitor currently owned by a thread:  ([mutex/lock_event])
[0x000001f33e089570] Threads_lock - owner thread: 0x000001f357c24000
[0x000001f33e089ba0] Heap_lock - owner thread: 0x000001f35a842800

Heap address: 0x0000000080000000, size: 2048 MB, Compressed Oops mode: 32-bit
Narrow klass base: 0x0000000000000000, Narrow klass shift: 3
Compressed class space size: 1073741824 Address: 0x0000000100000000

Heap:
 garbage-first heap   total 812032K, used 67834K [0x0000000080000000, 0x0000000100000000)
  region size 1024K, 4 young (4096K), 4 survivors (4096K)
 Metaspace       used 50079K, capacity 51365K, committed 51456K, reserved 1093632K
  class space    used 6427K, capacity 6888K, committed 6912K, reserved 1048576K
Heap Regions: E=young(eden), S=young(survivor), O=old, HS=humongous(starts), HC=humongous(continues), CS=collection set, F=free, A=archive, TAMS=top-at-mark-start (previous, next)
|   0|0x0000000080000000, 0x0000000080100000, 0x0000000080100000|100%| O|  |TAMS 0x0000000080100000, 0x0000000080000000| Untracked 
|   1|0x0000000080100000, 0x0000000080200000, 0x0000000080200000|100%| O|  |TAMS 0x0000000080200000, 0x0000000080100000| Untracked 
|   2|0x0000000080200000, 0x0000000080300000, 0x0000000080300000|100%| O|  |TAMS 0x0000000080300000, 0x0000000080200000| Untracked 
|   3|0x0000000080300000, 0x0000000080400000, 0x0000000080400000|100%|HS|  |TAMS 0x0000000080400000, 0x0000000080300000| Complete 
|   4|0x0000000080400000, 0x0000000080500000, 0x0000000080500000|100%|HC|  |TAMS 0x0000000080500000, 0x0000000080400000| Complete 
|   5|0x0000000080500000, 0x0000000080600000, 0x0000000080600000|100%|HC|  |TAMS 0x0000000080600000, 0x0000000080500000| Complete 
|   6|0x0000000080600000, 0x0000000080700000, 0x0000000080700000|100%| O|  |TAMS 0x0000000080700000, 0x0000000080600000| Untracked 
|   7|0x0000000080700000, 0x0000000080800000, 0x0000000080800000|100%| O|  |TAMS 0x0000000080800000, 0x0000000080700000| Untracked 
|   8|0x0000000080800000, 0x0000000080900000, 0x0000000080900000|100%| O|  |TAMS 0x0000000080900000, 0x0000000080800000| Untracked 
|   9|0x0000000080900000, 0x0000000080a00000, 0x0000000080a00000|100%| O|  |TAMS 0x0000000080a00000, 0x0000000080900000| Untracked 
|  10|0x0000000080a00000, 0x0000000080b00000, 0x0000000080b00000|100%| O|  |TAMS 0x0000000080b00000, 0x0000000080a00000| Untracked 
|  11|0x0000000080b00000, 0x0000000080c00000, 0x0000000080c00000|100%| O|  |TAMS 0x0000000080c00000, 0x0000000080b00000| Untracked 
|  12|0x0000000080c00000, 0x0000000080d00000, 0x0000000080d00000|100%| O|  |TAMS 0x0000000080d00000, 0x0000000080c00000| Untracked 
|  13|0x0000000080d00000, 0x0000000080e00000, 0x0000000080e00000|100%| O|  |TAMS 0x0000000080e00000, 0x0000000080d00000| Untracked 
|  14|0x0000000080e00000, 0x0000000080f00000, 0x0000000080f00000|100%| O|  |TAMS 0x0000000080f00000, 0x0000000080e00000| Untracked 
|  15|0x0000000080f00000, 0x0000000081000000, 0x0000000081000000|100%| O|  |TAMS 0x0000000081000000, 0x0000000080f00000| Untracked 
|  16|0x0000000081000000, 0x0000000081100000, 0x0000000081100000|100%| O|  |TAMS 0x0000000081100000, 0x0000000081000000| Untracked 
|  17|0x0000000081100000, 0x0000000081200000, 0x0000000081200000|100%|HS|  |TAMS 0x0000000081200000, 0x0000000081100000| Complete 
|  18|0x0000000081200000, 0x0000000081300000, 0x0000000081300000|100%|HC|  |TAMS 0x0000000081300000, 0x0000000081200000| Complete 
|  19|0x0000000081300000, 0x0000000081400000, 0x0000000081400000|100%|HS|  |TAMS 0x0000000081400000, 0x0000000081300000| Complete 
|  20|0x0000000081400000, 0x0000000081500000, 0x0000000081500000|100%|HC|  |TAMS 0x0000000081500000, 0x0000000081400000| Complete 
|  21|0x0000000081500000, 0x0000000081600000, 0x0000000081600000|100%|HC|  |TAMS 0x0000000081600000, 0x0000000081500000| Complete 
|  22|0x0000000081600000, 0x0000000081700000, 0x0000000081700000|100%|HS|  |TAMS 0x0000000081700000, 0x0000000081600000| Complete 
|  23|0x0000000081700000, 0x0000000081800000, 0x0000000081800000|100%|HC|  |TAMS 0x0000000081800000, 0x0000000081700000| Complete 
|  24|0x0000000081800000, 0x0000000081900000, 0x0000000081900000|100%|HC|  |TAMS 0x0000000081900000, 0x0000000081800000| Complete 
|  25|0x0000000081900000, 0x0000000081a00000, 0x0000000081a00000|100%|HC|  |TAMS 0x0000000081a00000, 0x0000000081900000| Complete 
|  26|0x0000000081a00000, 0x0000000081b00000, 0x0000000081b00000|100%|HC|  |TAMS 0x0000000081b00000, 0x0000000081a00000| Complete 
|  27|0x0000000081b00000, 0x0000000081c00000, 0x0000000081c00000|100%| O|  |TAMS 0x0000000081c00000, 0x0000000081b00000| Untracked 
|  28|0x0000000081c00000, 0x0000000081d00000, 0x0000000081d00000|100%| O|  |TAMS 0x0000000081d00000, 0x0000000081c00000| Untracked 
|  29|0x0000000081d00000, 0x0000000081e00000, 0x0000000081e00000|100%| O|  |TAMS 0x0000000081e00000, 0x0000000081d00000| Untracked 
|  30|0x0000000081e00000, 0x0000000081f00000, 0x0000000081f00000|100%| O|  |TAMS 0x0000000081f00000, 0x0000000081e00000| Untracked 
|  31|0x0000000081f00000, 0x0000000082000000, 0x0000000082000000|100%| O|  |TAMS 0x0000000082000000, 0x0000000081f00000| Untracked 
|  32|0x0000000082000000, 0x0000000082100000, 0x0000000082100000|100%| O|  |TAMS 0x0000000082100000, 0x0000000082000000| Untracked 
|  33|0x0000000082100000, 0x0000000082200000, 0x0000000082200000|100%| O|  |TAMS 0x0000000082200000, 0x0000000082100000| Untracked 
|  34|0x0000000082200000, 0x0000000082300000, 0x0000000082300000|100%| O|  |TAMS 0x0000000082300000, 0x0000000082200000| Untracked 
|  35|0x0000000082300000, 0x0000000082400000, 0x0000000082400000|100%| O|  |TAMS 0x0000000082400000, 0x0000000082300000| Untracked 
|  36|0x0000000082400000, 0x0000000082500000, 0x0000000082500000|100%| O|  |TAMS 0x0000000082500000, 0x0000000082400000| Untracked 
|  37|0x0000000082500000, 0x0000000082600000, 0x0000000082600000|100%| O|  |TAMS 0x0000000082600000, 0x0000000082500000| Untracked 
|  38|0x0000000082600000, 0x0000000082700000, 0x0000000082700000|100%| O|  |TAMS 0x0000000082700000, 0x0000000082600000| Untracked 
|  39|0x0000000082700000, 0x0000000082800000, 0x0000000082800000|100%| O|  |TAMS 0x0000000082800000, 0x0000000082700000| Untracked 
|  40|0x0000000082800000, 0x0000000082900000, 0x0000000082900000|100%| O|  |TAMS 0x0000000082900000, 0x0000000082800000| Untracked 
|  41|0x0000000082900000, 0x0000000082a00000, 0x0000000082a00000|100%| O|  |TAMS 0x0000000082a00000, 0x0000000082900000| Untracked 
|  42|0x0000000082a00000, 0x0000000082b00000, 0x0000000082b00000|100%| O|  |TAMS 0x0000000082b00000, 0x0000000082a00000| Untracked 
|  43|0x0000000082b00000, 0x0000000082c00000, 0x0000000082c00000|100%| O|  |TAMS 0x0000000082c00000, 0x0000000082b00000| Untracked 
|  44|0x0000000082c00000, 0x0000000082d00000, 0x0000000082d00000|100%| O|  |TAMS 0x0000000082d00000, 0x0000000082c00000| Untracked 
|  45|0x0000000082d00000, 0x0000000082e00000, 0x0000000082e00000|100%| O|  |TAMS 0x0000000082d00000, 0x0000000082d00000| Untracked 
|  46|0x0000000082e00000, 0x0000000082f00000, 0x0000000082f00000|100%|HS|  |TAMS 0x0000000082e00000, 0x0000000082e00000| Complete 
|  47|0x0000000082f00000, 0x0000000083000000, 0x0000000083000000|100%|HC|  |TAMS 0x0000000082f00000, 0x0000000082f00000| Complete 
|  48|0x0000000083000000, 0x0000000083100000, 0x0000000083100000|100%|HC|  |TAMS 0x0000000083000000, 0x0000000083000000| Complete 
|  49|0x0000000083100000, 0x0000000083200000, 0x0000000083200000|100%|HC|  |TAMS 0x0000000083100000, 0x0000000083100000| Complete 
|  50|0x0000000083200000, 0x0000000083300000, 0x0000000083300000|100%|HC|  |TAMS 0x0000000083200000, 0x0000000083200000| Complete 
|  51|0x0000000083300000, 0x0000000083400000, 0x0000000083400000|100%| O|  |TAMS 0x0000000083300000, 0x0000000083300000| Untracked 
|  52|0x0000000083400000, 0x0000000083500000, 0x0000000083500000|100%| O|  |TAMS 0x0000000083400000, 0x0000000083400000| Untracked 
|  53|0x0000000083500000, 0x0000000083600000, 0x0000000083600000|100%| O|  |TAMS 0x0000000083600000, 0x0000000083500000| Untracked 
|  54|0x0000000083600000, 0x0000000083700000, 0x0000000083700000|100%| O|  |TAMS 0x0000000083600000, 0x0000000083600000| Untracked 
|  55|0x0000000083700000, 0x0000000083800000, 0x0000000083800000|100%| O|  |TAMS 0x0000000083800000, 0x0000000083700000| Untracked 
|  56|0x0000000083800000, 0x0000000083900000, 0x0000000083900000|100%| O|  |TAMS 0x0000000083800000, 0x0000000083800000| Untracked 
|  57|0x0000000083900000, 0x0000000083a00000, 0x0000000083a00000|100%| O|  |TAMS 0x0000000083900000, 0x0000000083900000| Untracked 
|  58|0x0000000083a00000, 0x0000000083b00000, 0x0000000083b00000|100%| O|  |TAMS 0x0000000083a00000, 0x0000000083a00000| Untracked 
|  59|0x0000000083b00000, 0x0000000083c00000, 0x0000000083c00000|100%|HS|  |TAMS 0x0000000083b00000, 0x0000000083b00000| Complete 
|  60|0x0000000083c00000, 0x0000000083d00000, 0x0000000083d00000|100%|HC|  |TAMS 0x0000000083c00000, 0x0000000083c00000| Complete 
|  61|0x0000000083d00000, 0x0000000083e00000, 0x0000000083e00000|100%|HC|  |TAMS 0x0000000083d00000, 0x0000000083d00000| Complete 
|  62|0x0000000083e00000, 0x0000000083ebf400, 0x0000000083f00000| 74%| O|  |TAMS 0x0000000083e00000, 0x0000000083e00000| Untracked 
|  63|0x0000000083f00000, 0x0000000083f00000, 0x0000000084000000|  0%| F|  |TAMS 0x0000000083f00000, 0x0000000083f00000| Untracked 
|  64|0x0000000084000000, 0x0000000084000000, 0x0000000084100000|  0%| F|  |TAMS 0x0000000084000000, 0x0000000084000000| Untracked 
|  65|0x0000000084100000, 0x0000000084100000, 0x0000000084200000|  0%| F|  |TAMS 0x0000000084100000, 0x0000000084100000| Untracked 
|  66|0x0000000084200000, 0x0000000084200000, 0x0000000084300000|  0%| F|  |TAMS 0x0000000084200000, 0x0000000084200000| Untracked 
|  67|0x0000000084300000, 0x0000000084300000, 0x0000000084400000|  0%| F|  |TAMS 0x0000000084300000, 0x0000000084300000| Untracked 
|  68|0x0000000084400000, 0x0000000084400000, 0x0000000084500000|  0%| F|  |TAMS 0x0000000084400000, 0x0000000084400000| Untracked 
|  69|0x0000000084500000, 0x0000000084500000, 0x0000000084600000|  0%| F|  |TAMS 0x0000000084500000, 0x0000000084500000| Untracked 
|  70|0x0000000084600000, 0x0000000084600000, 0x0000000084700000|  0%| F|  |TAMS 0x0000000084600000, 0x0000000084600000| Untracked 
|  71|0x0000000084700000, 0x0000000084700000, 0x0000000084800000|  0%| F|  |TAMS 0x0000000084700000, 0x0000000084700000| Untracked 
|  72|0x0000000084800000, 0x0000000084800000, 0x0000000084900000|  0%| F|  |TAMS 0x0000000084800000, 0x0000000084800000| Untracked 
|  73|0x0000000084900000, 0x0000000084900000, 0x0000000084a00000|  0%| F|  |TAMS 0x0000000084900000, 0x0000000084900000| Untracked 
|  74|0x0000000084a00000, 0x0000000084a00000, 0x0000000084b00000|  0%| F|  |TAMS 0x0000000084a00000, 0x0000000084a00000| Untracked 
|  75|0x0000000084b00000, 0x0000000084b00000, 0x0000000084c00000|  0%| F|  |TAMS 0x0000000084b00000, 0x0000000084b00000| Untracked 
|  76|0x0000000084c00000, 0x0000000084c00000, 0x0000000084d00000|  0%| F|  |TAMS 0x0000000084c00000, 0x0000000084c00000| Untracked 
|  77|0x0000000084d00000, 0x0000000084d00000, 0x0000000084e00000|  0%| F|  |TAMS 0x0000000084d00000, 0x0000000084d00000| Untracked 
|  78|0x0000000084e00000, 0x0000000084e00000, 0x0000000084f00000|  0%| F|  |TAMS 0x0000000084e00000, 0x0000000084e00000| Untracked 
|  79|0x0000000084f00000, 0x0000000084f00000, 0x0000000085000000|  0%| F|  |TAMS 0x0000000084f00000, 0x0000000084f00000| Untracked 
|  80|0x0000000085000000, 0x0000000085000000, 0x0000000085100000|  0%| F|  |TAMS 0x0000000085000000, 0x0000000085000000| Untracked 
|  81|0x0000000085100000, 0x0000000085100000, 0x0000000085200000|  0%| F|  |TAMS 0x0000000085100000, 0x0000000085100000| Untracked 
|  82|0x0000000085200000, 0x0000000085200000, 0x0000000085300000|  0%| F|  |TAMS 0x0000000085200000, 0x0000000085200000| Untracked 
|  83|0x0000000085300000, 0x0000000085300000, 0x0000000085400000|  0%| F|  |TAMS 0x0000000085300000, 0x0000000085300000| Untracked 
|  84|0x0000000085400000, 0x0000000085400000, 0x0000000085500000|  0%| F|  |TAMS 0x0000000085400000, 0x0000000085400000| Untracked 
|  85|0x0000000085500000, 0x0000000085500000, 0x0000000085600000|  0%| F|  |TAMS 0x0000000085500000, 0x0000000085500000| Untracked 
|  86|0x0000000085600000, 0x0000000085600000, 0x0000000085700000|  0%| F|  |TAMS 0x0000000085600000, 0x0000000085600000| Untracked 
|  87|0x0000000085700000, 0x0000000085700000, 0x0000000085800000|  0%| F|  |TAMS 0x0000000085700000, 0x0000000085700000| Untracked 
|  88|0x0000000085800000, 0x0000000085800000, 0x0000000085900000|  0%| F|  |TAMS 0x0000000085800000, 0x0000000085800000| Untracked 
|  89|0x0000000085900000, 0x0000000085900000, 0x0000000085a00000|  0%| F|  |TAMS 0x0000000085900000, 0x0000000085900000| Untracked 
|  90|0x0000000085a00000, 0x0000000085a00000, 0x0000000085b00000|  0%| F|  |TAMS 0x0000000085a00000, 0x0000000085a00000| Untracked 
|  91|0x0000000085b00000, 0x0000000085b00000, 0x0000000085c00000|  0%| F|  |TAMS 0x0000000085b00000, 0x0000000085b00000| Untracked 
|  92|0x0000000085c00000, 0x0000000085c00000, 0x0000000085d00000|  0%| F|  |TAMS 0x0000000085c00000, 0x0000000085c00000| Untracked 
|  93|0x0000000085d00000, 0x0000000085d00000, 0x0000000085e00000|  0%| F|  |TAMS 0x0000000085d00000, 0x0000000085d00000| Untracked 
|  94|0x0000000085e00000, 0x0000000085e00000, 0x0000000085f00000|  0%| F|  |TAMS 0x0000000085e00000, 0x0000000085e00000| Untracked 
|  95|0x0000000085f00000, 0x0000000085f00000, 0x0000000086000000|  0%| F|  |TAMS 0x0000000085f00000, 0x0000000085f00000| Untracked 
|  96|0x0000000086000000, 0x0000000086000000, 0x0000000086100000|  0%| F|  |TAMS 0x0000000086000000, 0x0000000086000000| Untracked 
|  97|0x0000000086100000, 0x0000000086100000, 0x0000000086200000|  0%| F|  |TAMS 0x0000000086100000, 0x0000000086100000| Untracked 
|  98|0x0000000086200000, 0x0000000086200000, 0x0000000086300000|  0%| F|  |TAMS 0x0000000086200000, 0x0000000086200000| Untracked 
|  99|0x0000000086300000, 0x0000000086300000, 0x0000000086400000|  0%| F|  |TAMS 0x0000000086300000, 0x0000000086300000| Untracked 
| 100|0x0000000086400000, 0x0000000086400000, 0x0000000086500000|  0%| F|  |TAMS 0x0000000086400000, 0x0000000086400000| Untracked 
| 101|0x0000000086500000, 0x0000000086500000, 0x0000000086600000|  0%| F|  |TAMS 0x0000000086500000, 0x0000000086500000| Untracked 
| 102|0x0000000086600000, 0x0000000086600000, 0x0000000086700000|  0%| F|  |TAMS 0x0000000086600000, 0x0000000086600000| Untracked 
| 103|0x0000000086700000, 0x0000000086700000, 0x0000000086800000|  0%| F|  |TAMS 0x0000000086700000, 0x0000000086700000| Untracked 
| 104|0x0000000086800000, 0x0000000086800000, 0x0000000086900000|  0%| F|  |TAMS 0x0000000086800000, 0x0000000086800000| Untracked 
| 105|0x0000000086900000, 0x0000000086900000, 0x0000000086a00000|  0%| F|  |TAMS 0x0000000086900000, 0x0000000086900000| Untracked 
| 106|0x0000000086a00000, 0x0000000086a00000, 0x0000000086b00000|  0%| F|  |TAMS 0x0000000086a00000, 0x0000000086a00000| Untracked 
| 107|0x0000000086b00000, 0x0000000086b00000, 0x0000000086c00000|  0%| F|  |TAMS 0x0000000086b00000, 0x0000000086b00000| Untracked 
| 108|0x0000000086c00000, 0x0000000086c00000, 0x0000000086d00000|  0%| F|  |TAMS 0x0000000086c00000, 0x0000000086c00000| Untracked 
| 109|0x0000000086d00000, 0x0000000086d00000, 0x0000000086e00000|  0%| F|  |TAMS 0x0000000086d00000, 0x0000000086d00000| Untracked 
| 110|0x0000000086e00000, 0x0000000086e00000, 0x0000000086f00000|  0%| F|  |TAMS 0x0000000086e00000, 0x0000000086e00000| Untracked 
| 111|0x0000000086f00000, 0x0000000086f00000, 0x0000000087000000|  0%| F|  |TAMS 0x0000000086f00000, 0x0000000086f00000| Untracked 
| 112|0x0000000087000000, 0x0000000087000000, 0x0000000087100000|  0%| F|  |TAMS 0x0000000087000000, 0x0000000087000000| Untracked 
| 113|0x0000000087100000, 0x0000000087100000, 0x0000000087200000|  0%| F|  |TAMS 0x0000000087100000, 0x0000000087100000| Untracked 
| 114|0x0000000087200000, 0x0000000087200000, 0x0000000087300000|  0%| F|  |TAMS 0x0000000087200000, 0x0000000087200000| Untracked 
| 115|0x0000000087300000, 0x0000000087300000, 0x0000000087400000|  0%| F|  |TAMS 0x0000000087300000, 0x0000000087300000| Untracked 
| 116|0x0000000087400000, 0x0000000087400000, 0x0000000087500000|  0%| F|  |TAMS 0x0000000087400000, 0x0000000087400000| Untracked 
| 117|0x0000000087500000, 0x0000000087500000, 0x0000000087600000|  0%| F|  |TAMS 0x0000000087500000, 0x0000000087500000| Untracked 
| 118|0x0000000087600000, 0x0000000087600000, 0x0000000087700000|  0%| F|  |TAMS 0x0000000087600000, 0x0000000087600000| Untracked 
| 119|0x0000000087700000, 0x0000000087700000, 0x0000000087800000|  0%| F|  |TAMS 0x0000000087700000, 0x0000000087700000| Untracked 
| 120|0x0000000087800000, 0x0000000087800000, 0x0000000087900000|  0%| F|  |TAMS 0x0000000087800000, 0x0000000087800000| Untracked 
| 121|0x0000000087900000, 0x0000000087900000, 0x0000000087a00000|  0%| F|  |TAMS 0x0000000087900000, 0x0000000087900000| Untracked 
| 122|0x0000000087a00000, 0x0000000087a00000, 0x0000000087b00000|  0%| F|  |TAMS 0x0000000087a00000, 0x0000000087a00000| Untracked 
| 123|0x0000000087b00000, 0x0000000087b00000, 0x0000000087c00000|  0%| F|  |TAMS 0x0000000087b00000, 0x0000000087b00000| Untracked 
| 124|0x0000000087c00000, 0x0000000087c00000, 0x0000000087d00000|  0%| F|  |TAMS 0x0000000087c00000, 0x0000000087c00000| Untracked 
| 125|0x0000000087d00000, 0x0000000087d00000, 0x0000000087e00000|  0%| F|  |TAMS 0x0000000087d00000, 0x0000000087d00000| Untracked 
| 126|0x0000000087e00000, 0x0000000087e00000, 0x0000000087f00000|  0%| F|  |TAMS 0x0000000087e00000, 0x0000000087e00000| Untracked 
| 127|0x0000000087f00000, 0x0000000087f00000, 0x0000000088000000|  0%| F|  |TAMS 0x0000000087f00000, 0x0000000087f00000| Untracked 
| 128|0x0000000088000000, 0x0000000088000000, 0x0000000088100000|  0%| F|  |TAMS 0x0000000088000000, 0x0000000088000000| Untracked 
| 129|0x0000000088100000, 0x0000000088100000, 0x0000000088200000|  0%| F|  |TAMS 0x0000000088100000, 0x0000000088100000| Untracked 
| 130|0x0000000088200000, 0x0000000088200000, 0x0000000088300000|  0%| F|  |TAMS 0x0000000088200000, 0x0000000088200000| Untracked 
| 131|0x0000000088300000, 0x0000000088300000, 0x0000000088400000|  0%| F|  |TAMS 0x0000000088300000, 0x0000000088300000| Untracked 
| 132|0x0000000088400000, 0x0000000088400000, 0x0000000088500000|  0%| F|  |TAMS 0x0000000088400000, 0x0000000088400000| Untracked 
| 133|0x0000000088500000, 0x0000000088500000, 0x0000000088600000|  0%| F|  |TAMS 0x0000000088500000, 0x0000000088500000| Untracked 
| 134|0x0000000088600000, 0x0000000088600000, 0x0000000088700000|  0%| F|  |TAMS 0x0000000088600000, 0x0000000088600000| Untracked 
| 135|0x0000000088700000, 0x0000000088700000, 0x0000000088800000|  0%| F|  |TAMS 0x0000000088700000, 0x0000000088700000| Untracked 
| 136|0x0000000088800000, 0x0000000088800000, 0x0000000088900000|  0%| F|  |TAMS 0x0000000088800000, 0x0000000088800000| Untracked 
| 137|0x0000000088900000, 0x0000000088900000, 0x0000000088a00000|  0%| F|  |TAMS 0x0000000088900000, 0x0000000088900000| Untracked 
| 138|0x0000000088a00000, 0x0000000088a00000, 0x0000000088b00000|  0%| F|  |TAMS 0x0000000088a00000, 0x0000000088a00000| Untracked 
| 139|0x0000000088b00000, 0x0000000088b00000, 0x0000000088c00000|  0%| F|  |TAMS 0x0000000088b00000, 0x0000000088b00000| Untracked 
| 140|0x0000000088c00000, 0x0000000088c00000, 0x0000000088d00000|  0%| F|  |TAMS 0x0000000088c00000, 0x0000000088c00000| Untracked 
| 141|0x0000000088d00000, 0x0000000088d00000, 0x0000000088e00000|  0%| F|  |TAMS 0x0000000088d00000, 0x0000000088d00000| Untracked 
| 142|0x0000000088e00000, 0x0000000088e00000, 0x0000000088f00000|  0%| F|  |TAMS 0x0000000088e00000, 0x0000000088e00000| Untracked 
| 143|0x0000000088f00000, 0x0000000088f00000, 0x0000000089000000|  0%| F|  |TAMS 0x0000000088f00000, 0x0000000088f00000| Untracked 
| 144|0x0000000089000000, 0x0000000089000000, 0x0000000089100000|  0%| F|  |TAMS 0x0000000089000000, 0x0000000089000000| Untracked 
| 145|0x0000000089100000, 0x0000000089100000, 0x0000000089200000|  0%| F|  |TAMS 0x0000000089100000, 0x0000000089100000| Untracked 
| 146|0x0000000089200000, 0x0000000089200000, 0x0000000089300000|  0%| F|  |TAMS 0x0000000089200000, 0x0000000089200000| Untracked 
| 147|0x0000000089300000, 0x0000000089300000, 0x0000000089400000|  0%| F|  |TAMS 0x0000000089300000, 0x0000000089300000| Untracked 
| 148|0x0000000089400000, 0x0000000089400000, 0x0000000089500000|  0%| F|  |TAMS 0x0000000089400000, 0x0000000089400000| Untracked 
| 149|0x0000000089500000, 0x0000000089500000, 0x0000000089600000|  0%| F|  |TAMS 0x0000000089500000, 0x0000000089500000| Untracked 
| 150|0x0000000089600000, 0x0000000089600000, 0x0000000089700000|  0%| F|  |TAMS 0x0000000089600000, 0x0000000089600000| Untracked 
| 151|0x0000000089700000, 0x0000000089700000, 0x0000000089800000|  0%| F|  |TAMS 0x0000000089700000, 0x0000000089700000| Untracked 
| 152|0x0000000089800000, 0x0000000089800000, 0x0000000089900000|  0%| F|  |TAMS 0x0000000089800000, 0x0000000089800000| Untracked 
| 153|0x0000000089900000, 0x0000000089900000, 0x0000000089a00000|  0%| F|  |TAMS 0x0000000089900000, 0x0000000089900000| Untracked 
| 154|0x0000000089a00000, 0x0000000089a00000, 0x0000000089b00000|  0%| F|  |TAMS 0x0000000089a00000, 0x0000000089a00000| Untracked 
| 155|0x0000000089b00000, 0x0000000089b00000, 0x0000000089c00000|  0%| F|  |TAMS 0x0000000089b00000, 0x0000000089b00000| Untracked 
| 156|0x0000000089c00000, 0x0000000089c00000, 0x0000000089d00000|  0%| F|  |TAMS 0x0000000089c00000, 0x0000000089c00000| Untracked 
| 157|0x0000000089d00000, 0x0000000089d00000, 0x0000000089e00000|  0%| F|  |TAMS 0x0000000089d00000, 0x0000000089d00000| Untracked 
| 158|0x0000000089e00000, 0x0000000089e00000, 0x0000000089f00000|  0%| F|  |TAMS 0x0000000089e00000, 0x0000000089e00000| Untracked 
| 159|0x0000000089f00000, 0x0000000089f00000, 0x000000008a000000|  0%| F|  |TAMS 0x0000000089f00000, 0x0000000089f00000| Untracked 
| 160|0x000000008a000000, 0x000000008a000000, 0x000000008a100000|  0%| F|  |TAMS 0x000000008a000000, 0x000000008a000000| Untracked 
| 161|0x000000008a100000, 0x000000008a100000, 0x000000008a200000|  0%| F|  |TAMS 0x000000008a100000, 0x000000008a100000| Untracked 
| 162|0x000000008a200000, 0x000000008a200000, 0x000000008a300000|  0%| F|  |TAMS 0x000000008a200000, 0x000000008a200000| Untracked 
| 163|0x000000008a300000, 0x000000008a300000, 0x000000008a400000|  0%| F|  |TAMS 0x000000008a300000, 0x000000008a300000| Untracked 
| 164|0x000000008a400000, 0x000000008a400000, 0x000000008a500000|  0%| F|  |TAMS 0x000000008a400000, 0x000000008a400000| Untracked 
| 165|0x000000008a500000, 0x000000008a500000, 0x000000008a600000|  0%| F|  |TAMS 0x000000008a500000, 0x000000008a500000| Untracked 
| 166|0x000000008a600000, 0x000000008a600000, 0x000000008a700000|  0%| F|  |TAMS 0x000000008a600000, 0x000000008a600000| Untracked 
| 167|0x000000008a700000, 0x000000008a700000, 0x000000008a800000|  0%| F|  |TAMS 0x000000008a700000, 0x000000008a700000| Untracked 
| 168|0x000000008a800000, 0x000000008a800000, 0x000000008a900000|  0%| F|  |TAMS 0x000000008a800000, 0x000000008a800000| Untracked 
| 169|0x000000008a900000, 0x000000008a900000, 0x000000008aa00000|  0%| F|  |TAMS 0x000000008a900000, 0x000000008a900000| Untracked 
| 170|0x000000008aa00000, 0x000000008aa00000, 0x000000008ab00000|  0%| F|  |TAMS 0x000000008aa00000, 0x000000008aa00000| Untracked 
| 171|0x000000008ab00000, 0x000000008ab00000, 0x000000008ac00000|  0%| F|  |TAMS 0x000000008ab00000, 0x000000008ab00000| Untracked 
| 172|0x000000008ac00000, 0x000000008ac00000, 0x000000008ad00000|  0%| F|  |TAMS 0x000000008ac00000, 0x000000008ac00000| Untracked 
| 173|0x000000008ad00000, 0x000000008ad00000, 0x000000008ae00000|  0%| F|  |TAMS 0x000000008ad00000, 0x000000008ad00000| Untracked 
| 174|0x000000008ae00000, 0x000000008ae00000, 0x000000008af00000|  0%| F|  |TAMS 0x000000008ae00000, 0x000000008ae00000| Untracked 
| 175|0x000000008af00000, 0x000000008af00000, 0x000000008b000000|  0%| F|  |TAMS 0x000000008af00000, 0x000000008af00000| Untracked 
| 176|0x000000008b000000, 0x000000008b000000, 0x000000008b100000|  0%| F|  |TAMS 0x000000008b000000, 0x000000008b000000| Untracked 
| 177|0x000000008b100000, 0x000000008b100000, 0x000000008b200000|  0%| F|  |TAMS 0x000000008b100000, 0x000000008b100000| Untracked 
| 178|0x000000008b200000, 0x000000008b200000, 0x000000008b300000|  0%| F|  |TAMS 0x000000008b200000, 0x000000008b200000| Untracked 
| 179|0x000000008b300000, 0x000000008b300000, 0x000000008b400000|  0%| F|  |TAMS 0x000000008b300000, 0x000000008b300000| Untracked 
| 180|0x000000008b400000, 0x000000008b400000, 0x000000008b500000|  0%| F|  |TAMS 0x000000008b400000, 0x000000008b400000| Untracked 
| 181|0x000000008b500000, 0x000000008b500000, 0x000000008b600000|  0%| F|  |TAMS 0x000000008b500000, 0x000000008b500000| Untracked 
| 182|0x000000008b600000, 0x000000008b600000, 0x000000008b700000|  0%| F|  |TAMS 0x000000008b600000, 0x000000008b600000| Untracked 
| 183|0x000000008b700000, 0x000000008b700000, 0x000000008b800000|  0%| F|  |TAMS 0x000000008b700000, 0x000000008b700000| Untracked 
| 184|0x000000008b800000, 0x000000008b800000, 0x000000008b900000|  0%| F|  |TAMS 0x000000008b800000, 0x000000008b800000| Untracked 
| 185|0x000000008b900000, 0x000000008b900000, 0x000000008ba00000|  0%| F|  |TAMS 0x000000008b900000, 0x000000008b900000| Untracked 
| 186|0x000000008ba00000, 0x000000008ba00000, 0x000000008bb00000|  0%| F|  |TAMS 0x000000008ba00000, 0x000000008ba00000| Untracked 
| 187|0x000000008bb00000, 0x000000008bb00000, 0x000000008bc00000|  0%| F|  |TAMS 0x000000008bb00000, 0x000000008bb00000| Untracked 
| 188|0x000000008bc00000, 0x000000008bc00000, 0x000000008bd00000|  0%| F|  |TAMS 0x000000008bc00000, 0x000000008bc00000| Untracked 
| 189|0x000000008bd00000, 0x000000008bd00000, 0x000000008be00000|  0%| F|  |TAMS 0x000000008bd00000, 0x000000008bd00000| Untracked 
| 190|0x000000008be00000, 0x000000008be00000, 0x000000008bf00000|  0%| F|  |TAMS 0x000000008be00000, 0x000000008be00000| Untracked 
| 191|0x000000008bf00000, 0x000000008bf00000, 0x000000008c000000|  0%| F|  |TAMS 0x000000008bf00000, 0x000000008bf00000| Untracked 
| 192|0x000000008c000000, 0x000000008c000000, 0x000000008c100000|  0%| F|  |TAMS 0x000000008c000000, 0x000000008c000000| Untracked 
| 193|0x000000008c100000, 0x000000008c100000, 0x000000008c200000|  0%| F|  |TAMS 0x000000008c100000, 0x000000008c100000| Untracked 
| 194|0x000000008c200000, 0x000000008c200000, 0x000000008c300000|  0%| F|  |TAMS 0x000000008c200000, 0x000000008c200000| Untracked 
| 195|0x000000008c300000, 0x000000008c300000, 0x000000008c400000|  0%| F|  |TAMS 0x000000008c300000, 0x000000008c300000| Untracked 
| 196|0x000000008c400000, 0x000000008c400000, 0x000000008c500000|  0%| F|  |TAMS 0x000000008c400000, 0x000000008c400000| Untracked 
| 197|0x000000008c500000, 0x000000008c500000, 0x000000008c600000|  0%| F|  |TAMS 0x000000008c500000, 0x000000008c500000| Untracked 
| 198|0x000000008c600000, 0x000000008c600000, 0x000000008c700000|  0%| F|  |TAMS 0x000000008c600000, 0x000000008c600000| Untracked 
| 199|0x000000008c700000, 0x000000008c700000, 0x000000008c800000|  0%| F|  |TAMS 0x000000008c700000, 0x000000008c700000| Untracked 
| 200|0x000000008c800000, 0x000000008c800000, 0x000000008c900000|  0%| F|  |TAMS 0x000000008c800000, 0x000000008c800000| Untracked 
| 201|0x000000008c900000, 0x000000008c900000, 0x000000008ca00000|  0%| F|  |TAMS 0x000000008c900000, 0x000000008c900000| Untracked 
| 202|0x000000008ca00000, 0x000000008ca00000, 0x000000008cb00000|  0%| F|  |TAMS 0x000000008ca00000, 0x000000008ca00000| Untracked 
| 203|0x000000008cb00000, 0x000000008cb00000, 0x000000008cc00000|  0%| F|  |TAMS 0x000000008cb00000, 0x000000008cb00000| Untracked 
| 204|0x000000008cc00000, 0x000000008cc00000, 0x000000008cd00000|  0%| F|  |TAMS 0x000000008cc00000, 0x000000008cc00000| Untracked 
| 205|0x000000008cd00000, 0x000000008cd00000, 0x000000008ce00000|  0%| F|  |TAMS 0x000000008cd00000, 0x000000008cd00000| Untracked 
| 206|0x000000008ce00000, 0x000000008ce00000, 0x000000008cf00000|  0%| F|  |TAMS 0x000000008ce00000, 0x000000008ce00000| Untracked 
| 207|0x000000008cf00000, 0x000000008cf00000, 0x000000008d000000|  0%| F|  |TAMS 0x000000008cf00000, 0x000000008cf00000| Untracked 
| 208|0x000000008d000000, 0x000000008d000000, 0x000000008d100000|  0%| F|  |TAMS 0x000000008d000000, 0x000000008d000000| Untracked 
| 209|0x000000008d100000, 0x000000008d100000, 0x000000008d200000|  0%| F|  |TAMS 0x000000008d100000, 0x000000008d100000| Untracked 
| 210|0x000000008d200000, 0x000000008d200000, 0x000000008d300000|  0%| F|  |TAMS 0x000000008d200000, 0x000000008d200000| Untracked 
| 211|0x000000008d300000, 0x000000008d300000, 0x000000008d400000|  0%| F|  |TAMS 0x000000008d300000, 0x000000008d300000| Untracked 
| 212|0x000000008d400000, 0x000000008d400000, 0x000000008d500000|  0%| F|  |TAMS 0x000000008d400000, 0x000000008d400000| Untracked 
| 213|0x000000008d500000, 0x000000008d500000, 0x000000008d600000|  0%| F|  |TAMS 0x000000008d500000, 0x000000008d500000| Untracked 
| 214|0x000000008d600000, 0x000000008d600000, 0x000000008d700000|  0%| F|  |TAMS 0x000000008d600000, 0x000000008d600000| Untracked 
| 215|0x000000008d700000, 0x000000008d700000, 0x000000008d800000|  0%| F|  |TAMS 0x000000008d700000, 0x000000008d700000| Untracked 
| 216|0x000000008d800000, 0x000000008d800000, 0x000000008d900000|  0%| F|  |TAMS 0x000000008d800000, 0x000000008d800000| Untracked 
| 217|0x000000008d900000, 0x000000008d900000, 0x000000008da00000|  0%| F|  |TAMS 0x000000008d900000, 0x000000008d900000| Untracked 
| 218|0x000000008da00000, 0x000000008da00000, 0x000000008db00000|  0%| F|  |TAMS 0x000000008da00000, 0x000000008da00000| Untracked 
| 219|0x000000008db00000, 0x000000008db00000, 0x000000008dc00000|  0%| F|  |TAMS 0x000000008db00000, 0x000000008db00000| Untracked 
| 220|0x000000008dc00000, 0x000000008dc00000, 0x000000008dd00000|  0%| F|  |TAMS 0x000000008dc00000, 0x000000008dc00000| Untracked 
| 221|0x000000008dd00000, 0x000000008dd00000, 0x000000008de00000|  0%| F|  |TAMS 0x000000008dd00000, 0x000000008dd00000| Untracked 
| 222|0x000000008de00000, 0x000000008de00000, 0x000000008df00000|  0%| F|  |TAMS 0x000000008de00000, 0x000000008de00000| Untracked 
| 223|0x000000008df00000, 0x000000008df00000, 0x000000008e000000|  0%| F|  |TAMS 0x000000008df00000, 0x000000008df00000| Untracked 
| 224|0x000000008e000000, 0x000000008e000000, 0x000000008e100000|  0%| F|  |TAMS 0x000000008e000000, 0x000000008e000000| Untracked 
| 225|0x000000008e100000, 0x000000008e100000, 0x000000008e200000|  0%| F|  |TAMS 0x000000008e100000, 0x000000008e100000| Untracked 
| 226|0x000000008e200000, 0x000000008e200000, 0x000000008e300000|  0%| F|  |TAMS 0x000000008e200000, 0x000000008e200000| Untracked 
| 227|0x000000008e300000, 0x000000008e300000, 0x000000008e400000|  0%| F|  |TAMS 0x000000008e300000, 0x000000008e300000| Untracked 
| 228|0x000000008e400000, 0x000000008e400000, 0x000000008e500000|  0%| F|  |TAMS 0x000000008e400000, 0x000000008e400000| Untracked 
| 229|0x000000008e500000, 0x000000008e500000, 0x000000008e600000|  0%| F|  |TAMS 0x000000008e500000, 0x000000008e500000| Untracked 
| 230|0x000000008e600000, 0x000000008e600000, 0x000000008e700000|  0%| F|  |TAMS 0x000000008e600000, 0x000000008e600000| Untracked 
| 231|0x000000008e700000, 0x000000008e700000, 0x000000008e800000|  0%| F|  |TAMS 0x000000008e700000, 0x000000008e700000| Untracked 
| 232|0x000000008e800000, 0x000000008e800000, 0x000000008e900000|  0%| F|  |TAMS 0x000000008e800000, 0x000000008e800000| Untracked 
| 233|0x000000008e900000, 0x000000008e900000, 0x000000008ea00000|  0%| F|  |TAMS 0x000000008e900000, 0x000000008e900000| Untracked 
| 234|0x000000008ea00000, 0x000000008ea00000, 0x000000008eb00000|  0%| F|  |TAMS 0x000000008ea00000, 0x000000008ea00000| Untracked 
| 235|0x000000008eb00000, 0x000000008eb00000, 0x000000008ec00000|  0%| F|  |TAMS 0x000000008eb00000, 0x000000008eb00000| Untracked 
| 236|0x000000008ec00000, 0x000000008ec00000, 0x000000008ed00000|  0%| F|  |TAMS 0x000000008ec00000, 0x000000008ec00000| Untracked 
| 237|0x000000008ed00000, 0x000000008ed00000, 0x000000008ee00000|  0%| F|  |TAMS 0x000000008ed00000, 0x000000008ed00000| Untracked 
| 238|0x000000008ee00000, 0x000000008ee00000, 0x000000008ef00000|  0%| F|  |TAMS 0x000000008ee00000, 0x000000008ee00000| Untracked 
| 239|0x000000008ef00000, 0x000000008ef00000, 0x000000008f000000|  0%| F|  |TAMS 0x000000008ef00000, 0x000000008ef00000| Untracked 
| 240|0x000000008f000000, 0x000000008f000000, 0x000000008f100000|  0%| F|  |TAMS 0x000000008f000000, 0x000000008f000000| Untracked 
| 241|0x000000008f100000, 0x000000008f100000, 0x000000008f200000|  0%| F|  |TAMS 0x000000008f100000, 0x000000008f100000| Untracked 
| 242|0x000000008f200000, 0x000000008f200000, 0x000000008f300000|  0%| F|  |TAMS 0x000000008f200000, 0x000000008f200000| Untracked 
| 243|0x000000008f300000, 0x000000008f300000, 0x000000008f400000|  0%| F|  |TAMS 0x000000008f300000, 0x000000008f300000| Untracked 
| 244|0x000000008f400000, 0x000000008f400000, 0x000000008f500000|  0%| F|  |TAMS 0x000000008f400000, 0x000000008f400000| Untracked 
| 245|0x000000008f500000, 0x000000008f500000, 0x000000008f600000|  0%| F|  |TAMS 0x000000008f500000, 0x000000008f500000| Untracked 
| 246|0x000000008f600000, 0x000000008f600000, 0x000000008f700000|  0%| F|  |TAMS 0x000000008f600000, 0x000000008f600000| Untracked 
| 247|0x000000008f700000, 0x000000008f700000, 0x000000008f800000|  0%| F|  |TAMS 0x000000008f700000, 0x000000008f700000| Untracked 
| 248|0x000000008f800000, 0x000000008f800000, 0x000000008f900000|  0%| F|  |TAMS 0x000000008f800000, 0x000000008f800000| Untracked 
| 249|0x000000008f900000, 0x000000008f900000, 0x000000008fa00000|  0%| F|  |TAMS 0x000000008f900000, 0x000000008f900000| Untracked 
| 250|0x000000008fa00000, 0x000000008fa00000, 0x000000008fb00000|  0%| F|  |TAMS 0x000000008fa00000, 0x000000008fa00000| Untracked 
| 251|0x000000008fb00000, 0x000000008fb00000, 0x000000008fc00000|  0%| F|  |TAMS 0x000000008fb00000, 0x000000008fb00000| Untracked 
| 252|0x000000008fc00000, 0x000000008fc00000, 0x000000008fd00000|  0%| F|  |TAMS 0x000000008fc00000, 0x000000008fc00000| Untracked 
| 253|0x000000008fd00000, 0x000000008fd00000, 0x000000008fe00000|  0%| F|  |TAMS 0x000000008fd00000, 0x000000008fd00000| Untracked 
| 254|0x000000008fe00000, 0x000000008fe00000, 0x000000008ff00000|  0%| F|  |TAMS 0x000000008fe00000, 0x000000008fe00000| Untracked 
| 255|0x000000008ff00000, 0x000000008ff00000, 0x0000000090000000|  0%| F|  |TAMS 0x000000008ff00000, 0x000000008ff00000| Untracked 
| 256|0x0000000090000000, 0x0000000090000000, 0x0000000090100000|  0%| F|  |TAMS 0x0000000090000000, 0x0000000090000000| Untracked 
| 257|0x0000000090100000, 0x0000000090100000, 0x0000000090200000|  0%| F|  |TAMS 0x0000000090100000, 0x0000000090100000| Untracked 
| 258|0x0000000090200000, 0x0000000090200000, 0x0000000090300000|  0%| F|  |TAMS 0x0000000090200000, 0x0000000090200000| Untracked 
| 259|0x0000000090300000, 0x0000000090300000, 0x0000000090400000|  0%| F|  |TAMS 0x0000000090300000, 0x0000000090300000| Untracked 
| 260|0x0000000090400000, 0x0000000090400000, 0x0000000090500000|  0%| F|  |TAMS 0x0000000090400000, 0x0000000090400000| Untracked 
| 261|0x0000000090500000, 0x0000000090500000, 0x0000000090600000|  0%| F|  |TAMS 0x0000000090500000, 0x0000000090500000| Untracked 
| 262|0x0000000090600000, 0x0000000090600000, 0x0000000090700000|  0%| F|  |TAMS 0x0000000090600000, 0x0000000090600000| Untracked 
| 263|0x0000000090700000, 0x0000000090700000, 0x0000000090800000|  0%| F|  |TAMS 0x0000000090700000, 0x0000000090700000| Untracked 
| 264|0x0000000090800000, 0x0000000090800000, 0x0000000090900000|  0%| F|  |TAMS 0x0000000090800000, 0x0000000090800000| Untracked 
| 265|0x0000000090900000, 0x000000009097f490, 0x0000000090a00000| 49%| S|CS|TAMS 0x0000000090900000, 0x0000000090900000| Complete 
| 266|0x0000000090a00000, 0x0000000090b00000, 0x0000000090b00000|100%| S|CS|TAMS 0x0000000090a00000, 0x0000000090a00000| Complete 
| 267|0x0000000090b00000, 0x0000000090c00000, 0x0000000090c00000|100%| S|CS|TAMS 0x0000000090b00000, 0x0000000090b00000| Complete 
| 268|0x0000000090c00000, 0x0000000090d00000, 0x0000000090d00000|100%| S|CS|TAMS 0x0000000090c00000, 0x0000000090c00000| Complete 
| 269|0x0000000090d00000, 0x0000000090d00000, 0x0000000090e00000|  0%| F|  |TAMS 0x0000000090d00000, 0x0000000090d00000| Untracked 
| 270|0x0000000090e00000, 0x0000000090e00000, 0x0000000090f00000|  0%| F|  |TAMS 0x0000000090e00000, 0x0000000090e00000| Untracked 
| 271|0x0000000090f00000, 0x0000000090f00000, 0x0000000091000000|  0%| F|  |TAMS 0x0000000090f00000, 0x0000000090f00000| Untracked 
| 272|0x0000000091000000, 0x0000000091000000, 0x0000000091100000|  0%| F|  |TAMS 0x0000000091000000, 0x0000000091000000| Untracked 
| 273|0x0000000091100000, 0x0000000091100000, 0x0000000091200000|  0%| F|  |TAMS 0x0000000091100000, 0x0000000091100000| Untracked 
| 274|0x0000000091200000, 0x0000000091200000, 0x0000000091300000|  0%| F|  |TAMS 0x0000000091200000, 0x0000000091200000| Untracked 
| 275|0x0000000091300000, 0x0000000091300000, 0x0000000091400000|  0%| F|  |TAMS 0x0000000091300000, 0x0000000091300000| Untracked 
| 276|0x0000000091400000, 0x0000000091400000, 0x0000000091500000|  0%| F|  |TAMS 0x0000000091400000, 0x0000000091400000| Untracked 
| 277|0x0000000091500000, 0x0000000091500000, 0x0000000091600000|  0%| F|  |TAMS 0x0000000091500000, 0x0000000091500000| Untracked 
| 278|0x0000000091600000, 0x0000000091600000, 0x0000000091700000|  0%| F|  |TAMS 0x0000000091600000, 0x0000000091600000| Untracked 
| 279|0x0000000091700000, 0x0000000091700000, 0x0000000091800000|  0%| F|  |TAMS 0x0000000091700000, 0x0000000091700000| Untracked 
| 280|0x0000000091800000, 0x0000000091800000, 0x0000000091900000|  0%| F|  |TAMS 0x0000000091800000, 0x0000000091800000| Untracked 
| 281|0x0000000091900000, 0x0000000091900000, 0x0000000091a00000|  0%| F|  |TAMS 0x0000000091900000, 0x0000000091900000| Untracked 
| 282|0x0000000091a00000, 0x0000000091a00000, 0x0000000091b00000|  0%| F|  |TAMS 0x0000000091a00000, 0x0000000091a00000| Untracked 
| 283|0x0000000091b00000, 0x0000000091b00000, 0x0000000091c00000|  0%| F|  |TAMS 0x0000000091b00000, 0x0000000091b00000| Untracked 
| 284|0x0000000091c00000, 0x0000000091c00000, 0x0000000091d00000|  0%| F|  |TAMS 0x0000000091c00000, 0x0000000091c00000| Untracked 
| 285|0x0000000091d00000, 0x0000000091d00000, 0x0000000091e00000|  0%| F|  |TAMS 0x0000000091d00000, 0x0000000091d00000| Untracked 
| 286|0x0000000091e00000, 0x0000000091e00000, 0x0000000091f00000|  0%| F|  |TAMS 0x0000000091e00000, 0x0000000091e00000| Untracked 
| 287|0x0000000091f00000, 0x0000000091f00000, 0x0000000092000000|  0%| F|  |TAMS 0x0000000091f00000, 0x0000000091f00000| Untracked 
| 288|0x0000000092000000, 0x0000000092000000, 0x0000000092100000|  0%| F|  |TAMS 0x0000000092000000, 0x0000000092000000| Untracked 
| 289|0x0000000092100000, 0x0000000092100000, 0x0000000092200000|  0%| F|  |TAMS 0x0000000092100000, 0x0000000092100000| Untracked 
| 290|0x0000000092200000, 0x0000000092200000, 0x0000000092300000|  0%| F|  |TAMS 0x0000000092200000, 0x0000000092200000| Untracked 
| 291|0x0000000092300000, 0x0000000092300000, 0x0000000092400000|  0%| F|  |TAMS 0x0000000092300000, 0x0000000092300000| Untracked 
| 292|0x0000000092400000, 0x0000000092400000, 0x0000000092500000|  0%| F|  |TAMS 0x0000000092400000, 0x0000000092400000| Untracked 
| 293|0x0000000092500000, 0x0000000092500000, 0x0000000092600000|  0%| F|  |TAMS 0x0000000092500000, 0x0000000092500000| Untracked 
| 294|0x0000000092600000, 0x0000000092600000, 0x0000000092700000|  0%| F|  |TAMS 0x0000000092600000, 0x0000000092600000| Untracked 
| 295|0x0000000092700000, 0x0000000092700000, 0x0000000092800000|  0%| F|  |TAMS 0x0000000092700000, 0x0000000092700000| Untracked 
| 296|0x0000000092800000, 0x0000000092800000, 0x0000000092900000|  0%| F|  |TAMS 0x0000000092800000, 0x0000000092800000| Untracked 
| 297|0x0000000092900000, 0x0000000092900000, 0x0000000092a00000|  0%| F|  |TAMS 0x0000000092900000, 0x0000000092900000| Untracked 
| 298|0x0000000092a00000, 0x0000000092a00000, 0x0000000092b00000|  0%| F|  |TAMS 0x0000000092a00000, 0x0000000092a00000| Untracked 
| 299|0x0000000092b00000, 0x0000000092b00000, 0x0000000092c00000|  0%| F|  |TAMS 0x0000000092b00000, 0x0000000092b00000| Untracked 
| 300|0x0000000092c00000, 0x0000000092c00000, 0x0000000092d00000|  0%| F|  |TAMS 0x0000000092c00000, 0x0000000092c00000| Untracked 
| 301|0x0000000092d00000, 0x0000000092d00000, 0x0000000092e00000|  0%| F|  |TAMS 0x0000000092d00000, 0x0000000092d00000| Untracked 
| 302|0x0000000092e00000, 0x0000000092e00000, 0x0000000092f00000|  0%| F|  |TAMS 0x0000000092e00000, 0x0000000092e00000| Untracked 
| 303|0x0000000092f00000, 0x0000000092f00000, 0x0000000093000000|  0%| F|  |TAMS 0x0000000092f00000, 0x0000000092f00000| Untracked 
| 304|0x0000000093000000, 0x0000000093000000, 0x0000000093100000|  0%| F|  |TAMS 0x0000000093000000, 0x0000000093000000| Untracked 
| 305|0x0000000093100000, 0x0000000093100000, 0x0000000093200000|  0%| F|  |TAMS 0x0000000093100000, 0x0000000093100000| Untracked 
| 306|0x0000000093200000, 0x0000000093200000, 0x0000000093300000|  0%| F|  |TAMS 0x0000000093200000, 0x0000000093200000| Untracked 
| 307|0x0000000093300000, 0x0000000093300000, 0x0000000093400000|  0%| F|  |TAMS 0x0000000093300000, 0x0000000093300000| Untracked 
| 308|0x0000000093400000, 0x0000000093400000, 0x0000000093500000|  0%| F|  |TAMS 0x0000000093400000, 0x0000000093400000| Untracked 
| 309|0x0000000093500000, 0x0000000093500000, 0x0000000093600000|  0%| F|  |TAMS 0x0000000093500000, 0x0000000093500000| Untracked 
| 310|0x0000000093600000, 0x0000000093600000, 0x0000000093700000|  0%| F|  |TAMS 0x0000000093600000, 0x0000000093600000| Untracked 
| 311|0x0000000093700000, 0x0000000093700000, 0x0000000093800000|  0%| F|  |TAMS 0x0000000093700000, 0x0000000093700000| Untracked 
| 312|0x0000000093800000, 0x0000000093800000, 0x0000000093900000|  0%| F|  |TAMS 0x0000000093800000, 0x0000000093800000| Untracked 
| 313|0x0000000093900000, 0x0000000093900000, 0x0000000093a00000|  0%| F|  |TAMS 0x0000000093900000, 0x0000000093900000| Untracked 
| 314|0x0000000093a00000, 0x0000000093a00000, 0x0000000093b00000|  0%| F|  |TAMS 0x0000000093a00000, 0x0000000093a00000| Untracked 
| 315|0x0000000093b00000, 0x0000000093b00000, 0x0000000093c00000|  0%| F|  |TAMS 0x0000000093b00000, 0x0000000093b00000| Untracked 
| 316|0x0000000093c00000, 0x0000000093c00000, 0x0000000093d00000|  0%| F|  |TAMS 0x0000000093c00000, 0x0000000093c00000| Untracked 
| 317|0x0000000093d00000, 0x0000000093d00000, 0x0000000093e00000|  0%| F|  |TAMS 0x0000000093d00000, 0x0000000093d00000| Untracked 
| 318|0x0000000093e00000, 0x0000000093e00000, 0x0000000093f00000|  0%| F|  |TAMS 0x0000000093e00000, 0x0000000093e00000| Untracked 
| 319|0x0000000093f00000, 0x0000000093f00000, 0x0000000094000000|  0%| F|  |TAMS 0x0000000093f00000, 0x0000000093f00000| Untracked 
| 320|0x0000000094000000, 0x0000000094000000, 0x0000000094100000|  0%| F|  |TAMS 0x0000000094000000, 0x0000000094000000| Untracked 
| 321|0x0000000094100000, 0x0000000094100000, 0x0000000094200000|  0%| F|  |TAMS 0x0000000094100000, 0x0000000094100000| Untracked 
| 322|0x0000000094200000, 0x0000000094200000, 0x0000000094300000|  0%| F|  |TAMS 0x0000000094200000, 0x0000000094200000| Untracked 
| 323|0x0000000094300000, 0x0000000094300000, 0x0000000094400000|  0%| F|  |TAMS 0x0000000094300000, 0x0000000094300000| Untracked 
| 324|0x0000000094400000, 0x0000000094400000, 0x0000000094500000|  0%| F|  |TAMS 0x0000000094400000, 0x0000000094400000| Untracked 
| 325|0x0000000094500000, 0x0000000094500000, 0x0000000094600000|  0%| F|  |TAMS 0x0000000094500000, 0x0000000094500000| Untracked 
| 326|0x0000000094600000, 0x0000000094600000, 0x0000000094700000|  0%| F|  |TAMS 0x0000000094600000, 0x0000000094600000| Untracked 
| 327|0x0000000094700000, 0x0000000094700000, 0x0000000094800000|  0%| F|  |TAMS 0x0000000094700000, 0x0000000094700000| Untracked 
| 328|0x0000000094800000, 0x0000000094800000, 0x0000000094900000|  0%| F|  |TAMS 0x0000000094800000, 0x0000000094800000| Untracked 
| 329|0x0000000094900000, 0x0000000094900000, 0x0000000094a00000|  0%| F|  |TAMS 0x0000000094900000, 0x0000000094900000| Untracked 
| 330|0x0000000094a00000, 0x0000000094a00000, 0x0000000094b00000|  0%| F|  |TAMS 0x0000000094a00000, 0x0000000094a00000| Untracked 
| 331|0x0000000094b00000, 0x0000000094b00000, 0x0000000094c00000|  0%| F|  |TAMS 0x0000000094b00000, 0x0000000094b00000| Untracked 
| 332|0x0000000094c00000, 0x0000000094c00000, 0x0000000094d00000|  0%| F|  |TAMS 0x0000000094c00000, 0x0000000094c00000| Untracked 
| 333|0x0000000094d00000, 0x0000000094d00000, 0x0000000094e00000|  0%| F|  |TAMS 0x0000000094d00000, 0x0000000094d00000| Untracked 
| 334|0x0000000094e00000, 0x0000000094e00000, 0x0000000094f00000|  0%| F|  |TAMS 0x0000000094e00000, 0x0000000094e00000| Untracked 
| 335|0x0000000094f00000, 0x0000000094f00000, 0x0000000095000000|  0%| F|  |TAMS 0x0000000094f00000, 0x0000000094f00000| Untracked 
| 336|0x0000000095000000, 0x0000000095000000, 0x0000000095100000|  0%| F|  |TAMS 0x0000000095000000, 0x0000000095000000| Untracked 
| 337|0x0000000095100000, 0x0000000095100000, 0x0000000095200000|  0%| F|  |TAMS 0x0000000095100000, 0x0000000095100000| Untracked 
| 338|0x0000000095200000, 0x0000000095200000, 0x0000000095300000|  0%| F|  |TAMS 0x0000000095200000, 0x0000000095200000| Untracked 
| 339|0x0000000095300000, 0x0000000095300000, 0x0000000095400000|  0%| F|  |TAMS 0x0000000095300000, 0x0000000095300000| Untracked 
| 340|0x0000000095400000, 0x0000000095400000, 0x0000000095500000|  0%| F|  |TAMS 0x0000000095400000, 0x0000000095400000| Untracked 
| 341|0x0000000095500000, 0x0000000095500000, 0x0000000095600000|  0%| F|  |TAMS 0x0000000095500000, 0x0000000095500000| Untracked 
| 342|0x0000000095600000, 0x0000000095600000, 0x0000000095700000|  0%| F|  |TAMS 0x0000000095600000, 0x0000000095600000| Untracked 
| 343|0x0000000095700000, 0x0000000095700000, 0x0000000095800000|  0%| F|  |TAMS 0x0000000095700000, 0x0000000095700000| Untracked 
| 344|0x0000000095800000, 0x0000000095800000, 0x0000000095900000|  0%| F|  |TAMS 0x0000000095800000, 0x0000000095800000| Untracked 
| 345|0x0000000095900000, 0x0000000095900000, 0x0000000095a00000|  0%| F|  |TAMS 0x0000000095900000, 0x0000000095900000| Untracked 
| 346|0x0000000095a00000, 0x0000000095a00000, 0x0000000095b00000|  0%| F|  |TAMS 0x0000000095a00000, 0x0000000095a00000| Untracked 
| 347|0x0000000095b00000, 0x0000000095b00000, 0x0000000095c00000|  0%| F|  |TAMS 0x0000000095b00000, 0x0000000095b00000| Untracked 
| 348|0x0000000095c00000, 0x0000000095c00000, 0x0000000095d00000|  0%| F|  |TAMS 0x0000000095c00000, 0x0000000095c00000| Untracked 
| 349|0x0000000095d00000, 0x0000000095d00000, 0x0000000095e00000|  0%| F|  |TAMS 0x0000000095d00000, 0x0000000095d00000| Untracked 
| 350|0x0000000095e00000, 0x0000000095e00000, 0x0000000095f00000|  0%| F|  |TAMS 0x0000000095e00000, 0x0000000095e00000| Untracked 
| 351|0x0000000095f00000, 0x0000000095f00000, 0x0000000096000000|  0%| F|  |TAMS 0x0000000095f00000, 0x0000000095f00000| Untracked 
| 352|0x0000000096000000, 0x0000000096000000, 0x0000000096100000|  0%| F|  |TAMS 0x0000000096000000, 0x0000000096000000| Untracked 
| 353|0x0000000096100000, 0x0000000096100000, 0x0000000096200000|  0%| F|  |TAMS 0x0000000096100000, 0x0000000096100000| Untracked 
| 354|0x0000000096200000, 0x0000000096200000, 0x0000000096300000|  0%| F|  |TAMS 0x0000000096200000, 0x0000000096200000| Untracked 
| 355|0x0000000096300000, 0x0000000096300000, 0x0000000096400000|  0%| F|  |TAMS 0x0000000096300000, 0x0000000096300000| Untracked 
| 356|0x0000000096400000, 0x0000000096400000, 0x0000000096500000|  0%| F|  |TAMS 0x0000000096400000, 0x0000000096400000| Untracked 
| 357|0x0000000096500000, 0x0000000096500000, 0x0000000096600000|  0%| F|  |TAMS 0x0000000096500000, 0x0000000096500000| Untracked 
| 358|0x0000000096600000, 0x0000000096600000, 0x0000000096700000|  0%| F|  |TAMS 0x0000000096600000, 0x0000000096600000| Untracked 
| 359|0x0000000096700000, 0x0000000096700000, 0x0000000096800000|  0%| F|  |TAMS 0x0000000096700000, 0x0000000096700000| Untracked 
| 360|0x0000000096800000, 0x0000000096800000, 0x0000000096900000|  0%| F|  |TAMS 0x0000000096800000, 0x0000000096800000| Untracked 
| 361|0x0000000096900000, 0x0000000096900000, 0x0000000096a00000|  0%| F|  |TAMS 0x0000000096900000, 0x0000000096900000| Untracked 
| 362|0x0000000096a00000, 0x0000000096a00000, 0x0000000096b00000|  0%| F|  |TAMS 0x0000000096a00000, 0x0000000096a00000| Untracked 
| 363|0x0000000096b00000, 0x0000000096b00000, 0x0000000096c00000|  0%| F|  |TAMS 0x0000000096b00000, 0x0000000096b00000| Untracked 
| 364|0x0000000096c00000, 0x0000000096c00000, 0x0000000096d00000|  0%| F|  |TAMS 0x0000000096c00000, 0x0000000096c00000| Untracked 
| 365|0x0000000096d00000, 0x0000000096d00000, 0x0000000096e00000|  0%| F|  |TAMS 0x0000000096d00000, 0x0000000096d00000| Untracked 
| 366|0x0000000096e00000, 0x0000000096e00000, 0x0000000096f00000|  0%| F|  |TAMS 0x0000000096e00000, 0x0000000096e00000| Untracked 
| 367|0x0000000096f00000, 0x0000000096f00000, 0x0000000097000000|  0%| F|  |TAMS 0x0000000096f00000, 0x0000000096f00000| Untracked 
| 368|0x0000000097000000, 0x0000000097000000, 0x0000000097100000|  0%| F|  |TAMS 0x0000000097000000, 0x0000000097000000| Untracked 
| 369|0x0000000097100000, 0x0000000097100000, 0x0000000097200000|  0%| F|  |TAMS 0x0000000097100000, 0x0000000097100000| Untracked 
| 370|0x0000000097200000, 0x0000000097200000, 0x0000000097300000|  0%| F|  |TAMS 0x0000000097200000, 0x0000000097200000| Untracked 
| 371|0x0000000097300000, 0x0000000097300000, 0x0000000097400000|  0%| F|  |TAMS 0x0000000097300000, 0x0000000097300000| Untracked 
| 372|0x0000000097400000, 0x0000000097400000, 0x0000000097500000|  0%| F|  |TAMS 0x0000000097400000, 0x0000000097400000| Untracked 
| 373|0x0000000097500000, 0x0000000097500000, 0x0000000097600000|  0%| F|  |TAMS 0x0000000097500000, 0x0000000097500000| Untracked 
| 374|0x0000000097600000, 0x0000000097600000, 0x0000000097700000|  0%| F|  |TAMS 0x0000000097600000, 0x0000000097600000| Untracked 
| 375|0x0000000097700000, 0x0000000097700000, 0x0000000097800000|  0%| F|  |TAMS 0x0000000097700000, 0x0000000097700000| Untracked 
| 376|0x0000000097800000, 0x0000000097800000, 0x0000000097900000|  0%| F|  |TAMS 0x0000000097800000, 0x0000000097800000| Untracked 
| 377|0x0000000097900000, 0x0000000097900000, 0x0000000097a00000|  0%| F|  |TAMS 0x0000000097900000, 0x0000000097900000| Untracked 
| 378|0x0000000097a00000, 0x0000000097a00000, 0x0000000097b00000|  0%| F|  |TAMS 0x0000000097a00000, 0x0000000097a00000| Untracked 
| 379|0x0000000097b00000, 0x0000000097b00000, 0x0000000097c00000|  0%| F|  |TAMS 0x0000000097b00000, 0x0000000097b00000| Untracked 
| 380|0x0000000097c00000, 0x0000000097c00000, 0x0000000097d00000|  0%| F|  |TAMS 0x0000000097c00000, 0x0000000097c00000| Untracked 
| 381|0x0000000097d00000, 0x0000000097d00000, 0x0000000097e00000|  0%| F|  |TAMS 0x0000000097d00000, 0x0000000097d00000| Untracked 
| 382|0x0000000097e00000, 0x0000000097e00000, 0x0000000097f00000|  0%| F|  |TAMS 0x0000000097e00000, 0x0000000097e00000| Untracked 
| 383|0x0000000097f00000, 0x0000000097f00000, 0x0000000098000000|  0%| F|  |TAMS 0x0000000097f00000, 0x0000000097f00000| Untracked 
| 384|0x0000000098000000, 0x0000000098000000, 0x0000000098100000|  0%| F|  |TAMS 0x0000000098000000, 0x0000000098000000| Untracked 
| 385|0x0000000098100000, 0x0000000098100000, 0x0000000098200000|  0%| F|  |TAMS 0x0000000098100000, 0x0000000098100000| Untracked 
| 386|0x0000000098200000, 0x0000000098200000, 0x0000000098300000|  0%| F|  |TAMS 0x0000000098200000, 0x0000000098200000| Untracked 

Card table byte_map: [0x000001f350f80000,0x000001f351380000] _byte_map_base: 0x000001f350b80000

Marking Bits (Prev, Next): (CMBitMap*) 0x000001f33e0cac50, (CMBitMap*) 0x000001f33e0cac18
 Prev Bits: [0x000001f353780000, 0x000001f355780000)
 Next Bits: [0x000001f351780000, 0x000001f353780000)

Polling page: 0x000001f33c070000

Metaspace:

Usage:
  Non-class:     43.43 MB capacity,    42.63 MB ( 98%) used,   692.35 KB (  2%) free+waste,   132.13 KB ( <1%) overhead. 
      Class:      6.73 MB capacity,     6.28 MB ( 93%) used,   397.63 KB (  6%) free+waste,    62.94 KB ( <1%) overhead. 
       Both:     50.16 MB capacity,    48.91 MB ( 97%) used,     1.06 MB (  2%) free+waste,   195.06 KB ( <1%) overhead. 

Virtual space:
  Non-class space:       44.00 MB reserved,      43.50 MB ( 99%) committed 
      Class space:        1.00 GB reserved,       6.75 MB ( <1%) committed 
             Both:        1.04 GB reserved,      50.25 MB (  5%) committed 

Chunk freelists:
   Non-Class:  3.00 KB
       Class:  0 bytes
        Both:  3.00 KB

MaxMetaspaceSize: 17179869184.00 GB
CompressedClassSpaceSize: 1.00 GB

CodeHeap 'non-profiled nmethods': size=120064Kb used=4593Kb max_used=4593Kb free=115470Kb
 bounds [0x000001f349640000, 0x000001f349ac0000, 0x000001f350b80000]
CodeHeap 'profiled nmethods': size=120000Kb used=13561Kb max_used=13561Kb free=106439Kb
 bounds [0x000001f342110000, 0x000001f342e50000, 0x000001f349640000]
CodeHeap 'non-nmethods': size=5696Kb used=2224Kb max_used=2325Kb free=3471Kb
 bounds [0x000001f341b80000, 0x000001f341df0000, 0x000001f342110000]
 total_blobs=6735 nmethods=5937 adapters=709
 compilation: enabled
              stopped_count=0, restarted_count=0
 full_count=0

Compilation events (20 events):
Event: 75.937 Thread 0x000001f3584bb000 6051       3       org.objectweb.asm.ClassReader::readMethod (1061 bytes)
Event: 75.948 Thread 0x000001f3584bb000 nmethod 6051 0x000001f342e3db10 code [0x000001f342e3e280, 0x000001f342e43338]
Event: 75.948 Thread 0x000001f3584bb000 6052       2       org.objectweb.asm.MethodWriter::putMethodInfo (1274 bytes)
Event: 75.952 Thread 0x000001f3584bb000 nmethod 6052 0x000001f342e45890 code [0x000001f342e45e00, 0x000001f342e472c8]
Event: 75.952 Thread 0x000001f3584bb000 6054       2       org.objectweb.asm.FieldWriter::putFieldInfo (269 bytes)
Event: 75.953 Thread 0x000001f3584bb000 nmethod 6054 0x000001f342e48590 code [0x000001f342e487e0, 0x000001f342e48ca8]
Event: 75.953 Thread 0x000001f3584bb000 6053       2       org.objectweb.asm.MethodWriter::computeMethodInfoSize (571 bytes)
Event: 75.956 Thread 0x000001f3584bb000 nmethod 6053 0x000001f342e49010 code [0x000001f342e492e0, 0x000001f342e49bc8]
Event: 75.956 Thread 0x000001f3584bb000 6055       2       org.objectweb.asm.FieldWriter::computeFieldInfoSize (86 bytes)
Event: 75.956 Thread 0x000001f3584bb000 nmethod 6055 0x000001f342e4a290 code [0x000001f342e4a480, 0x000001f342e4a6b8]
Event: 75.961 Thread 0x000001f3584bb000 6057       2       org.objectweb.asm.Type::getClassName (173 bytes)
Event: 75.963 Thread 0x000001f3584bb000 nmethod 6057 0x000001f342e4a810 code [0x000001f342e4aac0, 0x000001f342e4b418]
Event: 76.027 Thread 0x000001f3584bb000 6058 %     3       org.objectweb.asm.ClassWriter::visit @ 100 (160 bytes)
Event: 76.029 Thread 0x000001f3584bb000 nmethod 6058% 0x000001f342e4b990 code [0x000001f342e4bbe0, 0x000001f342e4c4d8]
Event: 76.064 Thread 0x000001f3584bb000 6059       3       org.objectweb.asm.SymbolTable::addConstantUtf8 (98 bytes)
Event: 76.065 Thread 0x000001f3584bb000 nmethod 6059 0x000001f342e4c990 code [0x000001f342e4cbe0, 0x000001f342e4d258]
Event: 76.065 Thread 0x000001f3584bb000 6061       2       org.objectweb.asm.SymbolTable::addConstantUtf8Reference (101 bytes)
Event: 76.066 Thread 0x000001f3584bb000 nmethod 6061 0x000001f342e4d610 code [0x000001f342e4d820, 0x000001f342e4dc18]
Event: 76.066 Thread 0x000001f3584bb000 6060       2       java.lang.String::equals (65 bytes)
Event: 76.067 Thread 0x000001f3584bb000 nmethod 6060 0x000001f342e4df10 code [0x000001f342e4e0e0, 0x000001f342e4e318]

GC Heap History (20 events):
Event: 69.089 GC heap after
{Heap after GC invocations=71 (full 0):
 garbage-first heap   total 396288K, used 65105K [0x0000000080000000, 0x0000000100000000)
  region size 1024K, 6 young (6144K), 6 survivors (6144K)
 Metaspace       used 50070K, capacity 51301K, committed 51456K, reserved 1093632K
  class space    used 6426K, capacity 6888K, committed 6912K, reserved 1048576K
}
Event: 69.665 GC heap before
{Heap before GC invocations=71 (full 0):
 garbage-first heap   total 396288K, used 77393K [0x0000000080000000, 0x0000000100000000)
  region size 1024K, 19 young (19456K), 6 survivors (6144K)
 Metaspace       used 50070K, capacity 51301K, committed 51456K, reserved 1093632K
  class space    used 6426K, capacity 6888K, committed 6912K, reserved 1048576K
}
Event: 69.709 GC heap after
{Heap after GC invocations=72 (full 0):
 garbage-first heap   total 396288K, used 65475K [0x0000000080000000, 0x0000000100000000)
  region size 1024K, 2 young (2048K), 2 survivors (2048K)
 Metaspace       used 50070K, capacity 51301K, committed 51456K, reserved 1093632K
  class space    used 6426K, capacity 6888K, committed 6912K, reserved 1048576K
}
Event: 69.855 GC heap before
{Heap before GC invocations=72 (full 0):
 garbage-first heap   total 396288K, used 82883K [0x0000000080000000, 0x0000000100000000)
  region size 1024K, 20 young (20480K), 2 survivors (2048K)
 Metaspace       used 50070K, capacity 51301K, committed 51456K, reserved 1093632K
  class space    used 6426K, capacity 6888K, committed 6912K, reserved 1048576K
}
Event: 69.857 GC heap after
{Heap after GC invocations=73 (full 0):
 garbage-first heap   total 396288K, used 65142K [0x0000000080000000, 0x0000000100000000)
  region size 1024K, 1 young (1024K), 1 survivors (1024K)
 Metaspace       used 50070K, capacity 51301K, committed 51456K, reserved 1093632K
  class space    used 6426K, capacity 6888K, committed 6912K, reserved 1048576K
}
Event: 69.972 GC heap before
{Heap before GC invocations=73 (full 0):
 garbage-first heap   total 396288K, used 83574K [0x0000000080000000, 0x0000000100000000)
  region size 1024K, 20 young (20480K), 1 survivors (1024K)
 Metaspace       used 50071K, capacity 51301K, committed 51456K, reserved 1093632K
  class space    used 6426K, capacity 6888K, committed 6912K, reserved 1048576K
}
Event: 69.974 GC heap after
{Heap after GC invocations=74 (full 0):
 garbage-first heap   total 396288K, used 65276K [0x0000000080000000, 0x0000000100000000)
  region size 1024K, 1 young (1024K), 1 survivors (1024K)
 Metaspace       used 50071K, capacity 51301K, committed 51456K, reserved 1093632K
  class space    used 6426K, capacity 6888K, committed 6912K, reserved 1048576K
}
Event: 70.124 GC heap before
{Heap before GC invocations=74 (full 0):
 garbage-first heap   total 396288K, used 83708K [0x0000000080000000, 0x0000000100000000)
  region size 1024K, 19 young (19456K), 1 survivors (1024K)
 Metaspace       used 50077K, capacity 51365K, committed 51456K, reserved 1093632K
  class space    used 6427K, capacity 6888K, committed 6912K, reserved 1048576K
}
Event: 70.125 GC heap after
{Heap after GC invocations=75 (full 0):
 garbage-first heap   total 396288K, used 65357K [0x0000000080000000, 0x0000000100000000)
  region size 1024K, 2 young (2048K), 2 survivors (2048K)
 Metaspace       used 50077K, capacity 51365K, committed 51456K, reserved 1093632K
  class space    used 6427K, capacity 6888K, committed 6912K, reserved 1048576K
}
Event: 70.332 GC heap before
{Heap before GC invocations=75 (full 0):
 garbage-first heap   total 396288K, used 82765K [0x0000000080000000, 0x0000000100000000)
  region size 1024K, 19 young (19456K), 2 survivors (2048K)
 Metaspace       used 50077K, capacity 51365K, committed 51456K, reserved 1093632K
  class space    used 6427K, capacity 6888K, committed 6912K, reserved 1048576K
}
Event: 70.334 GC heap after
{Heap after GC invocations=76 (full 0):
 garbage-first heap   total 396288K, used 65277K [0x0000000080000000, 0x0000000100000000)
  region size 1024K, 1 young (1024K), 1 survivors (1024K)
 Metaspace       used 50077K, capacity 51365K, committed 51456K, reserved 1093632K
  class space    used 6427K, capacity 6888K, committed 6912K, reserved 1048576K
}
Event: 70.661 GC heap before
{Heap before GC invocations=76 (full 0):
 garbage-first heap   total 396288K, used 82685K [0x0000000080000000, 0x0000000100000000)
  region size 1024K, 19 young (19456K), 1 survivors (1024K)
 Metaspace       used 50077K, capacity 51365K, committed 51456K, reserved 1093632K
  class space    used 6427K, capacity 6888K, committed 6912K, reserved 1048576K
}
Event: 70.664 GC heap after
{Heap after GC invocations=77 (full 0):
 garbage-first heap   total 396288K, used 65397K [0x0000000080000000, 0x0000000100000000)
  region size 1024K, 2 young (2048K), 2 survivors (2048K)
 Metaspace       used 50077K, capacity 51365K, committed 51456K, reserved 1093632K
  class space    used 6427K, capacity 6888K, committed 6912K, reserved 1048576K
}
Event: 71.198 GC heap before
{Heap before GC invocations=77 (full 0):
 garbage-first heap   total 396288K, used 103285K [0x0000000080000000, 0x0000000100000000)
  region size 1024K, 39 young (39936K), 2 survivors (2048K)
 Metaspace       used 50077K, capacity 51365K, committed 51456K, reserved 1093632K
  class space    used 6427K, capacity 6888K, committed 6912K, reserved 1048576K
}
Event: 71.201 GC heap after
{Heap after GC invocations=78 (full 0):
 garbage-first heap   total 396288K, used 65742K [0x0000000080000000, 0x0000000100000000)
  region size 1024K, 2 young (2048K), 2 survivors (2048K)
 Metaspace       used 50077K, capacity 51365K, committed 51456K, reserved 1093632K
  class space    used 6427K, capacity 6888K, committed 6912K, reserved 1048576K
}
Event: 72.498 GC heap before
{Heap before GC invocations=78 (full 0):
 garbage-first heap   total 396288K, used 134350K [0x0000000080000000, 0x0000000100000000)
  region size 1024K, 69 young (70656K), 2 survivors (2048K)
 Metaspace       used 50078K, capacity 51365K, committed 51456K, reserved 1093632K
  class space    used 6427K, capacity 6888K, committed 6912K, reserved 1048576K
}
Event: 72.556 GC heap after
{Heap after GC invocations=79 (full 0):
 garbage-first heap   total 396288K, used 65801K [0x0000000080000000, 0x0000000100000000)
  region size 1024K, 2 young (2048K), 2 survivors (2048K)
 Metaspace       used 50078K, capacity 51365K, committed 51456K, reserved 1093632K
  class space    used 6427K, capacity 6888K, committed 6912K, reserved 1048576K
}
Event: 73.964 GC heap before
{Heap before GC invocations=79 (full 0):
 garbage-first heap   total 396288K, used 145673K [0x0000000080000000, 0x0000000100000000)
  region size 1024K, 80 young (81920K), 2 survivors (2048K)
 Metaspace       used 50078K, capacity 51365K, committed 51456K, reserved 1093632K
  class space    used 6427K, capacity 6888K, committed 6912K, reserved 1048576K
}
Event: 73.970 GC heap after
{Heap after GC invocations=80 (full 0):
 garbage-first heap   total 396288K, used 66739K [0x0000000080000000, 0x0000000100000000)
  region size 1024K, 3 young (3072K), 3 survivors (3072K)
 Metaspace       used 50078K, capacity 51365K, committed 51456K, reserved 1093632K
  class space    used 6427K, capacity 6888K, committed 6912K, reserved 1048576K
}
Event: 76.601 GC heap before
{Heap before GC invocations=80 (full 0):
 garbage-first heap   total 396288K, used 184499K [0x0000000080000000, 0x0000000100000000)
  region size 1024K, 118 young (120832K), 3 survivors (3072K)
 Metaspace       used 50079K, capacity 51365K, committed 51456K, reserved 1093632K
  class space    used 6427K, capacity 6888K, committed 6912K, reserved 1048576K
}

Deoptimization events (20 events):
Event: 76.127 Thread 0x000001f35a842800 DEOPT PACKING pc=0x000001f342e0bbde sp=0x00000054e75fe440
Event: 76.128 Thread 0x000001f35a842800 DEOPT UNPACKING pc=0x000001f341ba76ce sp=0x00000054e75fdac0 mode 0
Event: 76.155 Thread 0x000001f35a842800 DEOPT PACKING pc=0x000001f342e0d90c sp=0x00000054e75fe440
Event: 76.155 Thread 0x000001f35a842800 DEOPT UNPACKING pc=0x000001f341ba76ce sp=0x00000054e75fdac0 mode 0
Event: 76.291 Thread 0x000001f35a842800 DEOPT PACKING pc=0x000001f342e0c659 sp=0x00000054e75fe440
Event: 76.291 Thread 0x000001f35a842800 DEOPT UNPACKING pc=0x000001f341ba76ce sp=0x00000054e75fdac0 mode 0
Event: 76.342 Thread 0x000001f35a842800 DEOPT PACKING pc=0x000001f342e0d90c sp=0x00000054e75fe440
Event: 76.342 Thread 0x000001f35a842800 DEOPT UNPACKING pc=0x000001f341ba76ce sp=0x00000054e75fdac0 mode 0
Event: 76.356 Thread 0x000001f35a842800 DEOPT PACKING pc=0x000001f342e0bbde sp=0x00000054e75fe440
Event: 76.356 Thread 0x000001f35a842800 DEOPT UNPACKING pc=0x000001f341ba76ce sp=0x00000054e75fdac0 mode 0
Event: 76.384 Thread 0x000001f35a842800 DEOPT PACKING pc=0x000001f342e0bbde sp=0x00000054e75fe440
Event: 76.385 Thread 0x000001f35a842800 DEOPT UNPACKING pc=0x000001f341ba76ce sp=0x00000054e75fdac0 mode 0
Event: 76.479 Thread 0x000001f35a842800 DEOPT PACKING pc=0x000001f342e0c659 sp=0x00000054e75fe440
Event: 76.479 Thread 0x000001f35a842800 DEOPT UNPACKING pc=0x000001f341ba76ce sp=0x00000054e75fdac0 mode 0
Event: 76.496 Thread 0x000001f35a842800 DEOPT PACKING pc=0x000001f342e0bbde sp=0x00000054e75fe440
Event: 76.496 Thread 0x000001f35a842800 DEOPT UNPACKING pc=0x000001f341ba76ce sp=0x00000054e75fdac0 mode 0
Event: 76.558 Thread 0x000001f35a842800 DEOPT PACKING pc=0x000001f342e0c659 sp=0x00000054e75fe440
Event: 76.558 Thread 0x000001f35a842800 DEOPT UNPACKING pc=0x000001f341ba76ce sp=0x00000054e75fdac0 mode 0
Event: 76.593 Thread 0x000001f35a842800 DEOPT PACKING pc=0x000001f342e0bbde sp=0x00000054e75fe440
Event: 76.593 Thread 0x000001f35a842800 DEOPT UNPACKING pc=0x000001f341ba76ce sp=0x00000054e75fdac0 mode 0

Classes redefined (0 events):
No events

Internal exceptions (20 events):
Event: 65.513 Thread 0x000001f35a840000 Exception <a 'sun/nio/fs/WindowsException'{0x00000000867cd9b0}> (0x00000000867cd9b0) thrown at [./src/hotspot/share/prims/jni.cpp, line 615]
Event: 65.523 Thread 0x000001f35a840000 Exception <a 'sun/nio/fs/WindowsException'{0x00000000867dc2f0}> (0x00000000867dc2f0) thrown at [./src/hotspot/share/prims/jni.cpp, line 615]
Event: 66.587 Thread 0x000001f358c71800 Exception <a 'sun/nio/fs/WindowsException'{0x00000000953c6538}> (0x00000000953c6538) thrown at [./src/hotspot/share/prims/jni.cpp, line 615]
Event: 66.594 Thread 0x000001f358c72800 Exception <a 'sun/nio/fs/WindowsException'{0x0000000092833a60}> (0x0000000092833a60) thrown at [./src/hotspot/share/prims/jni.cpp, line 615]
Event: 66.588 Thread 0x000001f35a840000 Exception <a 'sun/nio/fs/WindowsException'{0x0000000096172d90}> (0x0000000096172d90) thrown at [./src/hotspot/share/prims/jni.cpp, line 615]
Event: 66.727 Thread 0x000001f35a840000 Exception <a 'sun/nio/fs/WindowsException'{0x0000000096172f40}> (0x0000000096172f40) thrown at [./src/hotspot/share/prims/jni.cpp, line 615]
Event: 66.736 Thread 0x000001f358c72800 Exception <a 'sun/nio/fs/WindowsException'{0x0000000092833bc8}> (0x0000000092833bc8) thrown at [./src/hotspot/share/prims/jni.cpp, line 615]
Event: 66.736 Thread 0x000001f358c71800 Exception <a 'sun/nio/fs/WindowsException'{0x00000000953c66d0}> (0x00000000953c66d0) thrown at [./src/hotspot/share/prims/jni.cpp, line 615]
Event: 69.753 Thread 0x000001f358c71800 Exception <a 'sun/nio/fs/WindowsException'{0x0000000097f65d20}> (0x0000000097f65d20) thrown at [./src/hotspot/share/prims/jni.cpp, line 615]
Event: 69.779 Thread 0x000001f358c72800 Exception <a 'sun/nio/fs/WindowsException'{0x0000000098130cc8}> (0x0000000098130cc8) thrown at [./src/hotspot/share/prims/jni.cpp, line 615]
Event: 69.791 Thread 0x000001f35a840000 Exception <a 'sun/nio/fs/WindowsException'{0x0000000097d624b0}> (0x0000000097d624b0) thrown at [./src/hotspot/share/prims/jni.cpp, line 615]
Event: 69.822 Thread 0x000001f358c72800 Exception <a 'sun/nio/fs/WindowsException'{0x00000000976ba650}> (0x00000000976ba650) thrown at [./src/hotspot/share/prims/jni.cpp, line 615]
Event: 69.824 Thread 0x000001f358c72800 Exception <a 'sun/nio/fs/WindowsException'{0x00000000976ba820}> (0x00000000976ba820) thrown at [./src/hotspot/share/prims/jni.cpp, line 615]
Event: 69.885 Thread 0x000001f35a840000 Exception <a 'sun/nio/fs/WindowsException'{0x0000000097bfc3d8}> (0x0000000097bfc3d8) thrown at [./src/hotspot/share/prims/jni.cpp, line 615]
Event: 69.887 Thread 0x000001f35a840000 Exception <a 'sun/nio/fs/WindowsException'{0x0000000097bfc5a0}> (0x0000000097bfc5a0) thrown at [./src/hotspot/share/prims/jni.cpp, line 615]
Event: 69.908 Thread 0x000001f358c72800 Exception <a 'sun/nio/fs/WindowsException'{0x00000000979b9520}> (0x00000000979b9520) thrown at [./src/hotspot/share/prims/jni.cpp, line 615]
Event: 70.225 Thread 0x000001f358c71800 Exception <a 'sun/nio/fs/WindowsException'{0x000000009794f710}> (0x000000009794f710) thrown at [./src/hotspot/share/prims/jni.cpp, line 615]
Event: 70.315 Thread 0x000001f358c71800 Exception <a 'sun/nio/fs/WindowsException'{0x000000009794f880}> (0x000000009794f880) thrown at [./src/hotspot/share/prims/jni.cpp, line 615]
Event: 71.900 Thread 0x000001f358c72800 Exception <a 'sun/nio/fs/WindowsException'{0x0000000094d4bf08}> (0x0000000094d4bf08) thrown at [./src/hotspot/share/prims/jni.cpp, line 615]
Event: 71.902 Thread 0x000001f358c72800 Exception <a 'sun/nio/fs/WindowsException'{0x0000000094d4c0d0}> (0x0000000094d4c0d0) thrown at [./src/hotspot/share/prims/jni.cpp, line 615]

Events (20 events):
Event: 69.971 Executing VM operation: G1CollectForAllocation done
Event: 69.972 Executing VM operation: G1CollectForAllocation
Event: 69.974 Executing VM operation: G1CollectForAllocation done
Event: 69.992 loading class org/gradle/internal/classpath/InstrumentingTransformer$InstrumentingVisitor$1
Event: 69.992 loading class org/gradle/internal/classpath/InstrumentingTransformer$InstrumentingVisitor$1 done
Event: 70.124 Executing VM operation: G1CollectForAllocation
Event: 70.124 Executing VM operation: G1CollectForAllocation done
Event: 70.124 Executing VM operation: G1CollectForAllocation
Event: 70.126 Executing VM operation: G1CollectForAllocation done
Event: 70.332 Executing VM operation: G1CollectForAllocation
Event: 70.334 Executing VM operation: G1CollectForAllocation done
Event: 70.661 Executing VM operation: G1CollectForAllocation
Event: 70.664 Executing VM operation: G1CollectForAllocation done
Event: 71.198 Executing VM operation: G1CollectForAllocation
Event: 71.201 Executing VM operation: G1CollectForAllocation done
Event: 72.479 Executing VM operation: G1CollectForAllocation
Event: 72.556 Executing VM operation: G1CollectForAllocation done
Event: 73.964 Executing VM operation: G1CollectForAllocation
Event: 73.970 Executing VM operation: G1CollectForAllocation done
Event: 76.601 Executing VM operation: G1CollectForAllocation


Dynamic libraries:
0x00007ff646690000 - 0x00007ff64669a000 	D:\AndroidStudio\jre\bin\java.exe
0x00007ffbcb9d0000 - 0x00007ffbcbbc5000 	C:\WINDOWS\SYSTEM32\ntdll.dll
0x00007ffbcb770000 - 0x00007ffbcb82d000 	C:\WINDOWS\System32\KERNEL32.DLL
0x00007ffbc94d0000 - 0x00007ffbc9797000 	C:\WINDOWS\System32\KERNELBASE.dll
0x00007ffbc98e0000 - 0x00007ffbc99e0000 	C:\WINDOWS\System32\ucrtbase.dll
0x00007ffbc6290000 - 0x00007ffbc62a9000 	D:\AndroidStudio\jre\bin\jli.dll
0x00007ffb9c060000 - 0x00007ffb9c077000 	D:\AndroidStudio\jre\bin\VCRUNTIME140.dll
0x00007ffbcb460000 - 0x00007ffbcb600000 	C:\WINDOWS\System32\USER32.dll
0x00007ffbc98b0000 - 0x00007ffbc98d2000 	C:\WINDOWS\System32\win32u.dll
0x00007ffbcb120000 - 0x00007ffbcb14a000 	C:\WINDOWS\System32\GDI32.dll
0x00007ffbc97a0000 - 0x00007ffbc98a9000 	C:\WINDOWS\System32\gdi32full.dll
0x00007ffbc91c0000 - 0x00007ffbc925d000 	C:\WINDOWS\System32\msvcp_win.dll
0x00007ffbb64c0000 - 0x00007ffbb675b000 	C:\WINDOWS\WinSxS\amd64_microsoft.windows.common-controls_6595b64144ccf1df_6.0.19041.488_none_ca04af081b815d21\COMCTL32.dll
0x00007ffbcb600000 - 0x00007ffbcb69e000 	C:\WINDOWS\System32\msvcrt.dll
0x00007ffbcb960000 - 0x00007ffbcb990000 	C:\WINDOWS\System32\IMM32.DLL
0x00007ffb8e1a0000 - 0x00007ffb8e23d000 	D:\AndroidStudio\jre\bin\msvcp140.dll
0x00007ffb78f90000 - 0x00007ffb79a5f000 	D:\AndroidStudio\jre\bin\server\jvm.dll
0x00007ffbcb320000 - 0x00007ffbcb3ca000 	C:\WINDOWS\System32\ADVAPI32.dll
0x00007ffbc9fe0000 - 0x00007ffbca07b000 	C:\WINDOWS\System32\sechost.dll
0x00007ffbc9a30000 - 0x00007ffbc9b54000 	C:\WINDOWS\System32\RPCRT4.dll
0x00007ffbaca80000 - 0x00007ffbaca89000 	C:\WINDOWS\SYSTEM32\WSOCK32.dll
0x00007ffbb3ba0000 - 0x00007ffbb3bc7000 	C:\WINDOWS\SYSTEM32\WINMM.dll
0x00007ffbb7be0000 - 0x00007ffbb7bea000 	C:\WINDOWS\SYSTEM32\VERSION.dll
0x00007ffbcb6a0000 - 0x00007ffbcb70b000 	C:\WINDOWS\System32\WS2_32.dll
0x00007ffbca110000 - 0x00007ffbca118000 	C:\WINDOWS\System32\PSAPI.DLL
0x00007ffbc79c0000 - 0x00007ffbc79d3000 	C:\WINDOWS\SYSTEM32\kernel.appcore.dll
0x00007ffbb5f70000 - 0x00007ffbb5f81000 	D:\AndroidStudio\jre\bin\verify.dll
0x00007ffbc6eb0000 - 0x00007ffbc7094000 	C:\WINDOWS\SYSTEM32\DBGHELP.DLL
0x00007ffbaf840000 - 0x00007ffbaf86c000 	C:\WINDOWS\SYSTEM32\dbgcore.DLL
0x00007ffbc9450000 - 0x00007ffbc94cf000 	C:\WINDOWS\System32\bcryptPrimitives.dll
0x00007ffba1510000 - 0x00007ffba1539000 	D:\AndroidStudio\jre\bin\java.dll
0x00007ffbc1740000 - 0x00007ffbc174b000 	D:\AndroidStudio\jre\bin\jimage.dll
0x00007ffbadf20000 - 0x00007ffbadf38000 	D:\AndroidStudio\jre\bin\zip.dll
0x00007ffbca250000 - 0x00007ffbca991000 	C:\WINDOWS\System32\SHELL32.dll
0x00007ffbc70a0000 - 0x00007ffbc7833000 	C:\WINDOWS\SYSTEM32\windows.storage.dll
0x00007ffbc9b60000 - 0x00007ffbc9eb5000 	C:\WINDOWS\System32\combase.dll
0x00007ffbc89e0000 - 0x00007ffbc8a0c000 	C:\WINDOWS\SYSTEM32\Wldp.dll
0x00007ffbcaa50000 - 0x00007ffbcaafe000 	C:\WINDOWS\System32\SHCORE.dll
0x00007ffbcb2a0000 - 0x00007ffbcb2f5000 	C:\WINDOWS\System32\shlwapi.dll
0x00007ffbc9040000 - 0x00007ffbc9066000 	C:\WINDOWS\SYSTEM32\profapi.dll
0x00007ffbacf60000 - 0x00007ffbacf7a000 	D:\AndroidStudio\jre\bin\net.dll
0x00007ffbc24a0000 - 0x00007ffbc25a0000 	C:\WINDOWS\SYSTEM32\WINHTTP.dll
0x00007ffbc87d0000 - 0x00007ffbc883a000 	C:\WINDOWS\system32\mswsock.dll
0x00007ffba0300000 - 0x00007ffba0314000 	D:\AndroidStudio\jre\bin\nio.dll
0x00007ffba1160000 - 0x00007ffba1187000 	C:\Users\ATRI\.gradle\native\e1d6ef7f7dcc3fd88c89a11ec53ec762bb8ba0a96d01ffa2cd45eb1d1d8dd5c5\windows-amd64\native-platform.dll
0x00007ffb8d420000 - 0x00007ffb8d564000 	C:\Users\ATRI\.gradle\native\5664cfc778a61ccfe75a443a1ab52a65af34e5dc3c78e0209fed803814484fcb\windows-amd64\native-platform-file-events.dll
0x00007ffbc16b0000 - 0x00007ffbc16ba000 	D:\AndroidStudio\jre\bin\management.dll
0x00007ffbb5720000 - 0x00007ffbb572c000 	D:\AndroidStudio\jre\bin\management_ext.dll
0x00007ffbc8a20000 - 0x00007ffbc8a38000 	C:\WINDOWS\SYSTEM32\CRYPTSP.dll
0x00007ffbc8180000 - 0x00007ffbc81b4000 	C:\WINDOWS\system32\rsaenh.dll
0x00007ffbc92c0000 - 0x00007ffbc92e7000 	C:\WINDOWS\System32\bcrypt.dll
0x00007ffbc8fc0000 - 0x00007ffbc8fee000 	C:\WINDOWS\SYSTEM32\USERENV.dll
0x00007ffbc8950000 - 0x00007ffbc895c000 	C:\WINDOWS\SYSTEM32\CRYPTBASE.dll
0x00007ffbc84e0000 - 0x00007ffbc851b000 	C:\WINDOWS\SYSTEM32\IPHLPAPI.DLL
0x00007ffbcb3d0000 - 0x00007ffbcb3d9000 	C:\WINDOWS\System32\NSI.dll
0x00007ffbbb3b0000 - 0x00007ffbbb3c7000 	C:\WINDOWS\SYSTEM32\dhcpcsvc6.DLL
0x00007ffbbb1c0000 - 0x00007ffbbb1dd000 	C:\WINDOWS\SYSTEM32\dhcpcsvc.DLL
0x00007ffbc8530000 - 0x00007ffbc85fb000 	C:\WINDOWS\SYSTEM32\DNSAPI.dll

dbghelp: loaded successfully - version: 4.0.5 - missing functions: none
symbol engine: initialized successfully - sym options: 0x614 - pdb path: .;D:\AndroidStudio\jre\bin;C:\WINDOWS\SYSTEM32;C:\WINDOWS\WinSxS\amd64_microsoft.windows.common-controls_6595b64144ccf1df_6.0.19041.488_none_ca04af081b815d21;D:\AndroidStudio\jre\bin\server;C:\Users\ATRI\.gradle\native\e1d6ef7f7dcc3fd88c89a11ec53ec762bb8ba0a96d01ffa2cd45eb1d1d8dd5c5\windows-amd64;C:\Users\ATRI\.gradle\native\5664cfc778a61ccfe75a443a1ab52a65af34e5dc3c78e0209fed803814484fcb\windows-amd64

VM Arguments:
jvm_args: --add-opens=java.base/java.util=ALL-UNNAMED --add-opens=java.base/java.lang=ALL-UNNAMED --add-opens=java.base/java.lang.invoke=ALL-UNNAMED --add-opens=java.base/java.util=ALL-UNNAMED --add-opens=java.prefs/java.util.prefs=ALL-UNNAMED --add-opens=java.prefs/java.util.prefs=ALL-UNNAMED --add-opens=java.base/java.nio.charset=ALL-UNNAMED --add-opens=java.base/java.net=ALL-UNNAMED --add-opens=java.base/java.util.concurrent.atomic=ALL-UNNAMED -Xmx2048m -Dfile.encoding=UTF-8 -Duser.country=CN -Duser.language=zh -Duser.variant 
java_command: org.gradle.launcher.daemon.bootstrap.GradleDaemon 7.3
java_class_path (initial): C:\Users\ATRI\.gradle\wrapper\dists\gradle-7.3-bin\ddwl0k7mt9g6ak16i1m905vyv\gradle-7.3\lib\gradle-launcher-7.3.jar
Launcher Type: SUN_STANDARD

[Global flags]
     intx CICompilerCount                          = 3                                         {product} {ergonomic}
     uint ConcGCThreads                            = 1                                         {product} {ergonomic}
     uint G1ConcRefinementThreads                  = 4                                         {product} {ergonomic}
   size_t G1HeapRegionSize                         = 1048576                                   {product} {ergonomic}
    uintx GCDrainStackTargetSize                   = 64                                        {product} {ergonomic}
   size_t InitialHeapSize                          = 67108864                                  {product} {ergonomic}
   size_t MarkStackSize                            = 4194304                                   {product} {ergonomic}
   size_t MaxHeapSize                              = 2147483648                                {product} {command line}
   size_t MaxNewSize                               = 1287651328                                {product} {ergonomic}
   size_t MinHeapDeltaBytes                        = 1048576                                   {product} {ergonomic}
    uintx NonNMethodCodeHeapSize                   = 5830732                                {pd product} {ergonomic}
    uintx NonProfiledCodeHeapSize                  = 122913754                              {pd product} {ergonomic}
    uintx ProfiledCodeHeapSize                     = 122913754                              {pd product} {ergonomic}
    uintx ReservedCodeCacheSize                    = 251658240                              {pd product} {ergonomic}
     bool SegmentedCodeCache                       = true                                      {product} {ergonomic}
     bool UseCompressedClassPointers               = true                                 {lp64_product} {ergonomic}
     bool UseCompressedOops                        = true                                 {lp64_product} {ergonomic}
     bool UseG1GC                                  = true                                      {product} {ergonomic}
     bool UseLargePagesIndividualAllocation        = false                                  {pd product} {ergonomic}

Logging:
Log output configuration:
 #0: stdout all=warning uptime,level,tags
 #1: stderr all=off uptime,level,tags

Environment Variables:
PATH=D:\ATRI_Downloads\WINDOWS.X64_213000_db_home\bin;D:\ATRI_Downloads\WINDOWS.X64_193000_db_home\bin;C:\etc\MinGW810\bin;C:\etc\Python39\Scripts\;C:\etc\Python39\;C:\WINDOWS\system32;C:\WINDOWS;C:\WINDOWS\System32\Wbem;C:\WINDOWS\System32\WindowsPowerShell\v1.0\;C:\WINDOWS\System32\OpenSSH\;C:\etc\Git\cmd;C:\Program Files (x86)\ZeroTier\One\;C:\etc\MinGW\bin;C:\etc\jdk-14.0.1\bin;C:\etc\Xshell7\;C:\Program Files\Docker\Docker\resources\bin;C:\ProgramData\DockerDesktop\version-bin;C:\ProgramData\chocolatey\bin;C:\bin;C:\etc\CMake\bin;C:\Program Files\dotnet\;C:\etc\MinGW810\bin;C:\Users\ATRI\AppData\Local\Microsoft\WindowsApps;C:\etc\Bandizip\;C:\etc\VSCode\bin;C:\etc\MinGW\bin;C:\etc\jdk-14.0.1\bin;C:\etc\IDEA\bin;;C:\Program Files\OpenSSL-Win64\bin;C:\Users\ATRI\AppData\Local\Pandoc\
USERNAME=ATRI
OS=Windows_NT
PROCESSOR_IDENTIFIER=Intel64 Family 6 Model 78 Stepping 3, GenuineIntel



---------------  S Y S T E M  ---------------

OS: Windows 10 , 64 bit Build 19041 (10.0.19041.292)
OS uptime: 9 days 17:35 hours
Hyper-V role detected

CPU:total 4 (initial active 4) (2 cores per cpu, 2 threads per core) family 6 model 78 stepping 3 microcode 0xcc, cmov, cx8, fxsr, mmx, sse, sse2, sse3, ssse3, sse4.1, sse4.2, popcnt, avx, avx2, aes, clmul, erms, rtm, 3dnowpref, lzcnt, ht, tsc, tscinvbit, bmi1, bmi2, adx, fma

Memory: 4k page, system-wide physical 4017M (201M free)
TotalPageFile size 16184M (AvailPageFile size 230M)
current process WorkingSet (physical memory assigned to process): 191M, peak: 278M
current process commit charge ("private bytes"): 598M, peak: 1001M

vm_info: OpenJDK 64-Bit Server VM (11.0.10+0-b96-7249189) for windows-amd64 JRE (11.0.10+0-b96-7249189), built on Mar 31 2021 21:44:00 by "builder" with MS VC++ 14.0 (VS2015)

END.
